2020-08-26 14:44:26,564 [Worker-1: Loading available Gradle versions] INFO  o.e.b.c.i.u.g.PublishedGradleVersions - Gradle version information cache is up-to-date. Trying to read.
2020-08-26 14:46:36,573 [Worker-16: Building] INFO  o.e.m.c.i.l.LifecycleMappingFactory - Using DEFAULT lifecycle mapping for MavenProject: ucwriter.xtext.guimeta.ucdsl:ucwriter.xtext.guimeta.ucdsl:1.0.0-SNAPSHOT @ /home/jose/Desktop/git/UCWriter/UCWriter/UCWriter/ucwriter.xtext.guimeta.ucdsl.parent/ucwriter.xtext.guimeta.ucdsl/pom.xml.
2020-08-26 14:46:37,434 [Worker-16: Building] INFO  o.e.m.c.i.embedder.EclipseLogger - Using 'UTF-8' encoding to copy filtered resources.
2020-08-26 14:46:37,434 [Worker-16: Building] INFO  o.e.m.c.i.embedder.EclipseLogger - skip non existing resourceDirectory /home/jose/Desktop/git/UCWriter/UCWriter/UCWriter/ucwriter.xtext.guimeta.ucdsl.parent/ucwriter.xtext.guimeta.ucdsl/src/main/resources
2020-08-26 14:46:37,436 [Worker-16: Building] INFO  o.e.m.c.i.embedder.EclipseLogger - Using 'UTF-8' encoding to copy filtered resources.
2020-08-26 14:46:37,436 [Worker-16: Building] INFO  o.e.m.c.i.embedder.EclipseLogger - skip non existing resourceDirectory /home/jose/Desktop/git/UCWriter/UCWriter/UCWriter/ucwriter.xtext.guimeta.ucdsl.parent/ucwriter.xtext.guimeta.ucdsl/src/test/resources
2020-08-26 14:46:41,398 [Worker-16: Building] INFO  o.e.m.c.i.l.LifecycleMappingFactory - Using DEFAULT lifecycle mapping for MavenProject: ucwriter.xtext.guimeta.ucdsl:ucwriter.xtext.guimeta.ucdsl.ide:1.0.0-SNAPSHOT @ /home/jose/Desktop/git/UCWriter/UCWriter/UCWriter/ucwriter.xtext.guimeta.ucdsl.parent/ucwriter.xtext.guimeta.ucdsl.ide/pom.xml.
2020-08-26 14:46:41,580 [Worker-16: Building] INFO  o.e.m.c.i.embedder.EclipseLogger - Using 'UTF-8' encoding to copy filtered resources.
2020-08-26 14:46:41,580 [Worker-16: Building] INFO  o.e.m.c.i.embedder.EclipseLogger - skip non existing resourceDirectory /home/jose/Desktop/git/UCWriter/UCWriter/UCWriter/ucwriter.xtext.guimeta.ucdsl.parent/ucwriter.xtext.guimeta.ucdsl.ide/src/main/resources
2020-08-26 14:46:41,582 [Worker-16: Building] INFO  o.e.m.c.i.embedder.EclipseLogger - Using 'UTF-8' encoding to copy filtered resources.
2020-08-26 14:46:41,582 [Worker-16: Building] INFO  o.e.m.c.i.embedder.EclipseLogger - skip non existing resourceDirectory /home/jose/Desktop/git/UCWriter/UCWriter/UCWriter/ucwriter.xtext.guimeta.ucdsl.parent/ucwriter.xtext.guimeta.ucdsl.ide/src/test/resources
2020-08-26 14:46:41,769 [Worker-16: Building] INFO  o.e.m.c.i.l.LifecycleMappingFactory - Using DEFAULT lifecycle mapping for MavenProject: ucwriter.xtext.guimeta.ucdsl:ucwriter.xtext.guimeta.ucdsl.ide:1.0.0-SNAPSHOT @ /home/jose/Desktop/git/UCWriter/UCWriter/UCWriter/ucwriter.xtext.guimeta.ucdsl.parent/ucwriter.xtext.guimeta.ucdsl.ide/pom.xml.
2020-08-26 14:46:41,803 [Worker-16: Building] INFO  o.e.m.c.i.l.LifecycleMappingFactory - Using DEFAULT lifecycle mapping for MavenProject: ucwriter.xtext.guimeta.ucdsl:ucwriter.xtext.guimeta.ucdsl:1.0.0-SNAPSHOT @ /home/jose/Desktop/git/UCWriter/UCWriter/UCWriter/ucwriter.xtext.guimeta.ucdsl.parent/ucwriter.xtext.guimeta.ucdsl/pom.xml.
2020-08-26 14:46:41,806 [Worker-16: Building] INFO  o.e.m.c.i.l.LifecycleMappingFactory - Using NULL lifecycle mapping for MavenProject: ucwriter.xtext.guimeta.ucdsl:ucwriter.xtext.guimeta.ucdsl.parent:1.0.0-SNAPSHOT @ /home/jose/Desktop/git/UCWriter/UCWriter/UCWriter/ucwriter.xtext.guimeta.ucdsl.parent/pom.xml.
2020-08-26 14:46:41,922 [Worker-16: Building] INFO  o.e.m.c.i.l.LifecycleMappingFactory - Using DEFAULT lifecycle mapping for MavenProject: ucwriter.xtext.guimeta.ucdsl:ucwriter.xtext.guimeta.ucdsl.ide:1.0.0-SNAPSHOT @ /home/jose/Desktop/git/UCWriter/UCWriter/UCWriter/ucwriter.xtext.guimeta.ucdsl.parent/ucwriter.xtext.guimeta.ucdsl.ide/pom.xml.
2020-08-26 14:46:41,975 [Worker-16: Building] INFO  o.e.m.c.i.l.LifecycleMappingFactory - Using DEFAULT lifecycle mapping for MavenProject: ucwriter.xtext.guimeta.ucdsl:ucwriter.xtext.guimeta.ucdsl:1.0.0-SNAPSHOT @ /home/jose/Desktop/git/UCWriter/UCWriter/UCWriter/ucwriter.xtext.guimeta.ucdsl.parent/ucwriter.xtext.guimeta.ucdsl/pom.xml.
2020-08-26 14:46:42,304 [Worker-16: Building] INFO  o.e.m.c.i.l.LifecycleMappingFactory - Using DEFAULT lifecycle mapping for MavenProject: ucwriter.xtext.guimeta.ucdsl:ucwriter.xtext.guimeta.ucdsl.target:1.0.0-SNAPSHOT @ /home/jose/Desktop/git/UCWriter/UCWriter/UCWriter/ucwriter.xtext.guimeta.ucdsl.parent/ucwriter.xtext.guimeta.ucdsl.target/pom.xml.
2020-08-26 14:46:42,920 [Worker-16: Building] INFO  o.e.m.c.i.l.LifecycleMappingFactory - Using DEFAULT lifecycle mapping for MavenProject: ucwriter.xtext.guimeta.ucdsl:ucwriter.xtext.guimeta.ucdsl.tests:1.0.0-SNAPSHOT @ /home/jose/Desktop/git/UCWriter/UCWriter/UCWriter/ucwriter.xtext.guimeta.ucdsl.parent/ucwriter.xtext.guimeta.ucdsl.tests/pom.xml.
2020-08-26 14:46:43,155 [Worker-16: Building] INFO  o.e.m.c.i.embedder.EclipseLogger - Using 'UTF-8' encoding to copy filtered resources.
2020-08-26 14:46:43,155 [Worker-16: Building] INFO  o.e.m.c.i.embedder.EclipseLogger - skip non existing resourceDirectory /home/jose/Desktop/git/UCWriter/UCWriter/UCWriter/ucwriter.xtext.guimeta.ucdsl.parent/ucwriter.xtext.guimeta.ucdsl.tests/src/main/resources
2020-08-26 14:46:43,157 [Worker-16: Building] INFO  o.e.m.c.i.embedder.EclipseLogger - Using 'UTF-8' encoding to copy filtered resources.
2020-08-26 14:46:43,157 [Worker-16: Building] INFO  o.e.m.c.i.embedder.EclipseLogger - skip non existing resourceDirectory /home/jose/Desktop/git/UCWriter/UCWriter/UCWriter/ucwriter.xtext.guimeta.ucdsl.parent/ucwriter.xtext.guimeta.ucdsl.tests/src/test/resources
2020-08-26 14:46:43,271 [Worker-16: Building] INFO  o.e.m.c.i.l.LifecycleMappingFactory - Using DEFAULT lifecycle mapping for MavenProject: ucwriter.xtext.guimeta.ucdsl:ucwriter.xtext.guimeta.ucdsl.ui:1.0.0-SNAPSHOT @ /home/jose/Desktop/git/UCWriter/UCWriter/UCWriter/ucwriter.xtext.guimeta.ucdsl.parent/ucwriter.xtext.guimeta.ucdsl.ui/pom.xml.
2020-08-26 14:46:43,438 [Worker-16: Building] INFO  o.e.m.c.i.embedder.EclipseLogger - Using 'UTF-8' encoding to copy filtered resources.
2020-08-26 14:46:43,438 [Worker-16: Building] INFO  o.e.m.c.i.embedder.EclipseLogger - skip non existing resourceDirectory /home/jose/Desktop/git/UCWriter/UCWriter/UCWriter/ucwriter.xtext.guimeta.ucdsl.parent/ucwriter.xtext.guimeta.ucdsl.ui/src/main/resources
2020-08-26 14:46:43,439 [Worker-16: Building] INFO  o.e.m.c.i.embedder.EclipseLogger - Using 'UTF-8' encoding to copy filtered resources.
2020-08-26 14:46:43,439 [Worker-16: Building] INFO  o.e.m.c.i.embedder.EclipseLogger - skip non existing resourceDirectory /home/jose/Desktop/git/UCWriter/UCWriter/UCWriter/ucwriter.xtext.guimeta.ucdsl.parent/ucwriter.xtext.guimeta.ucdsl.ui/src/test/resources
2020-08-26 14:46:44,400 [Worker-16: Building] INFO  o.e.m.c.i.l.LifecycleMappingFactory - Using DEFAULT lifecycle mapping for MavenProject: ucwriter.xtext.guimeta.ucdsl:ucwriter.xtext.guimeta.ucdsl.ui.tests:1.0.0-SNAPSHOT @ /home/jose/Desktop/git/UCWriter/UCWriter/UCWriter/ucwriter.xtext.guimeta.ucdsl.parent/ucwriter.xtext.guimeta.ucdsl.ui.tests/pom.xml.
2020-08-26 14:46:44,573 [Worker-16: Building] INFO  o.e.m.c.i.embedder.EclipseLogger - Using 'UTF-8' encoding to copy filtered resources.
2020-08-26 14:46:44,574 [Worker-16: Building] INFO  o.e.m.c.i.embedder.EclipseLogger - skip non existing resourceDirectory /home/jose/Desktop/git/UCWriter/UCWriter/UCWriter/ucwriter.xtext.guimeta.ucdsl.parent/ucwriter.xtext.guimeta.ucdsl.ui.tests/src/main/resources
2020-08-26 14:46:44,575 [Worker-16: Building] INFO  o.e.m.c.i.embedder.EclipseLogger - Using 'UTF-8' encoding to copy filtered resources.
2020-08-26 14:46:44,575 [Worker-16: Building] INFO  o.e.m.c.i.embedder.EclipseLogger - skip non existing resourceDirectory /home/jose/Desktop/git/UCWriter/UCWriter/UCWriter/ucwriter.xtext.guimeta.ucdsl.parent/ucwriter.xtext.guimeta.ucdsl.ui.tests/src/test/resources
2020-08-26 14:46:45,170 [Worker-16: Building] INFO  o.e.m.c.i.l.LifecycleMappingFactory - Using org.eclipse.m2e.jdt.JarLifecycleMapping lifecycle mapping for MavenProject: ucwriter.xtext.guimeta.ucdsl:ucwriter.xtext.guimeta.ucdsl.web:1.0.0-SNAPSHOT @ /home/jose/Desktop/git/UCWriter/UCWriter/UCWriter/ucwriter.xtext.guimeta.ucdsl.parent/ucwriter.xtext.guimeta.ucdsl.web/pom.xml.
2020-08-26 14:46:45,292 [Worker-16: Building] INFO  o.e.m.c.i.p.WorkspaceClassifierResolverManager - Resolving P/ucwriter.xtext.guimeta.ucdsl: ucwriter.xtext.guimeta.ucdsl:ucwriter.xtext.guimeta.ucdsl:1.0.0-SNAPSHOT with classifier  to /ucwriter.xtext.guimeta.ucdsl/target/classes
2020-08-26 14:46:45,293 [Worker-16: Building] INFO  o.e.m.c.i.p.WorkspaceClassifierResolverManager - Resolving P/ucwriter.xtext.guimeta.ucdsl.ide: ucwriter.xtext.guimeta.ucdsl:ucwriter.xtext.guimeta.ucdsl.ide:1.0.0-SNAPSHOT with classifier  to /ucwriter.xtext.guimeta.ucdsl.ide/target/classes
2020-08-26 14:46:45,519 [Worker-16: Building] INFO  o.e.m.c.i.embedder.EclipseLogger - Using 'UTF-8' encoding to copy filtered resources.
2020-08-26 14:46:45,523 [Worker-16: Building] INFO  o.e.m.c.i.embedder.EclipseLogger - Copying 0 resource
2020-08-26 14:46:45,525 [Worker-16: Building] INFO  o.e.m.c.i.embedder.EclipseLogger - Using 'UTF-8' encoding to copy filtered resources.
2020-08-26 14:46:45,525 [Worker-16: Building] INFO  o.e.m.c.i.embedder.EclipseLogger - skip non existing resourceDirectory /home/jose/Desktop/git/UCWriter/UCWriter/UCWriter/ucwriter.xtext.guimeta.ucdsl.parent/ucwriter.xtext.guimeta.ucdsl.web/src/test/resources
2020-08-26 14:46:46,825 [Worker-26: Building] INFO  o.e.m.c.i.embedder.EclipseLogger - Using 'UTF-8' encoding to copy filtered resources.
2020-08-26 14:46:46,825 [Worker-26: Building] INFO  o.e.m.c.i.embedder.EclipseLogger - skip non existing resourceDirectory /home/jose/Desktop/git/UCWriter/UCWriter/UCWriter/ucwriter.xtext.guimeta.ucdsl.parent/ucwriter.xtext.guimeta.ucdsl/src/main/resources
2020-08-26 14:46:46,826 [Worker-26: Building] INFO  o.e.m.c.i.embedder.EclipseLogger - Using 'UTF-8' encoding to copy filtered resources.
2020-08-26 14:46:46,826 [Worker-26: Building] INFO  o.e.m.c.i.embedder.EclipseLogger - skip non existing resourceDirectory /home/jose/Desktop/git/UCWriter/UCWriter/UCWriter/ucwriter.xtext.guimeta.ucdsl.parent/ucwriter.xtext.guimeta.ucdsl/src/test/resources
2020-08-26 14:46:46,833 [Worker-26: Building] INFO  o.e.m.c.i.embedder.EclipseLogger - Using 'UTF-8' encoding to copy filtered resources.
2020-08-26 14:46:46,833 [Worker-26: Building] INFO  o.e.m.c.i.embedder.EclipseLogger - skip non existing resourceDirectory /home/jose/Desktop/git/UCWriter/UCWriter/UCWriter/ucwriter.xtext.guimeta.ucdsl.parent/ucwriter.xtext.guimeta.ucdsl.ide/src/main/resources
2020-08-26 14:46:46,834 [Worker-26: Building] INFO  o.e.m.c.i.embedder.EclipseLogger - Using 'UTF-8' encoding to copy filtered resources.
2020-08-26 14:46:46,835 [Worker-26: Building] INFO  o.e.m.c.i.embedder.EclipseLogger - skip non existing resourceDirectory /home/jose/Desktop/git/UCWriter/UCWriter/UCWriter/ucwriter.xtext.guimeta.ucdsl.parent/ucwriter.xtext.guimeta.ucdsl.ide/src/test/resources
2020-08-26 14:46:46,863 [Worker-26: Building] INFO  o.e.m.c.i.embedder.EclipseLogger - Using 'UTF-8' encoding to copy filtered resources.
2020-08-26 14:46:46,863 [Worker-26: Building] INFO  o.e.m.c.i.embedder.EclipseLogger - skip non existing resourceDirectory /home/jose/Desktop/git/UCWriter/UCWriter/UCWriter/ucwriter.xtext.guimeta.ucdsl.parent/ucwriter.xtext.guimeta.ucdsl.tests/src/main/resources
2020-08-26 14:46:46,865 [Worker-26: Building] INFO  o.e.m.c.i.embedder.EclipseLogger - Using 'UTF-8' encoding to copy filtered resources.
2020-08-26 14:46:46,865 [Worker-26: Building] INFO  o.e.m.c.i.embedder.EclipseLogger - skip non existing resourceDirectory /home/jose/Desktop/git/UCWriter/UCWriter/UCWriter/ucwriter.xtext.guimeta.ucdsl.parent/ucwriter.xtext.guimeta.ucdsl.tests/src/test/resources
2020-08-26 14:46:46,871 [Worker-26: Building] INFO  o.e.m.c.i.embedder.EclipseLogger - Using 'UTF-8' encoding to copy filtered resources.
2020-08-26 14:46:46,871 [Worker-26: Building] INFO  o.e.m.c.i.embedder.EclipseLogger - skip non existing resourceDirectory /home/jose/Desktop/git/UCWriter/UCWriter/UCWriter/ucwriter.xtext.guimeta.ucdsl.parent/ucwriter.xtext.guimeta.ucdsl.ui/src/main/resources
2020-08-26 14:46:46,872 [Worker-26: Building] INFO  o.e.m.c.i.embedder.EclipseLogger - Using 'UTF-8' encoding to copy filtered resources.
2020-08-26 14:46:46,872 [Worker-26: Building] INFO  o.e.m.c.i.embedder.EclipseLogger - skip non existing resourceDirectory /home/jose/Desktop/git/UCWriter/UCWriter/UCWriter/ucwriter.xtext.guimeta.ucdsl.parent/ucwriter.xtext.guimeta.ucdsl.ui/src/test/resources
2020-08-26 14:46:46,892 [Worker-26: Building] INFO  o.e.m.c.i.embedder.EclipseLogger - Using 'UTF-8' encoding to copy filtered resources.
2020-08-26 14:46:46,893 [Worker-26: Building] INFO  o.e.m.c.i.embedder.EclipseLogger - skip non existing resourceDirectory /home/jose/Desktop/git/UCWriter/UCWriter/UCWriter/ucwriter.xtext.guimeta.ucdsl.parent/ucwriter.xtext.guimeta.ucdsl.ui.tests/src/main/resources
2020-08-26 14:46:46,894 [Worker-26: Building] INFO  o.e.m.c.i.embedder.EclipseLogger - Using 'UTF-8' encoding to copy filtered resources.
2020-08-26 14:46:46,895 [Worker-26: Building] INFO  o.e.m.c.i.embedder.EclipseLogger - skip non existing resourceDirectory /home/jose/Desktop/git/UCWriter/UCWriter/UCWriter/ucwriter.xtext.guimeta.ucdsl.parent/ucwriter.xtext.guimeta.ucdsl.ui.tests/src/test/resources
2020-08-26 14:46:46,999 [Worker-26: Building] INFO  o.e.m.c.i.p.WorkspaceClassifierResolverManager - Resolving P/ucwriter.xtext.guimeta.ucdsl: ucwriter.xtext.guimeta.ucdsl:ucwriter.xtext.guimeta.ucdsl:1.0.0-SNAPSHOT with classifier  to /ucwriter.xtext.guimeta.ucdsl/target/classes
2020-08-26 14:46:46,999 [Worker-26: Building] INFO  o.e.m.c.i.p.WorkspaceClassifierResolverManager - Resolving P/ucwriter.xtext.guimeta.ucdsl.ide: ucwriter.xtext.guimeta.ucdsl:ucwriter.xtext.guimeta.ucdsl.ide:1.0.0-SNAPSHOT with classifier  to /ucwriter.xtext.guimeta.ucdsl.ide/target/classes
2020-08-26 14:46:47,011 [Worker-26: Building] INFO  o.e.m.c.i.embedder.EclipseLogger - Using 'UTF-8' encoding to copy filtered resources.
2020-08-26 14:46:47,037 [Worker-26: Building] INFO  o.e.m.c.i.embedder.EclipseLogger - Copying 0 resource
2020-08-26 14:46:47,039 [Worker-26: Building] INFO  o.e.m.c.i.embedder.EclipseLogger - Using 'UTF-8' encoding to copy filtered resources.
2020-08-26 14:46:47,040 [Worker-26: Building] INFO  o.e.m.c.i.embedder.EclipseLogger - skip non existing resourceDirectory /home/jose/Desktop/git/UCWriter/UCWriter/UCWriter/ucwriter.xtext.guimeta.ucdsl.parent/ucwriter.xtext.guimeta.ucdsl.web/src/test/resources
2020-08-26 14:47:22,546 [Worker-25: Building] INFO  o.e.m.c.i.embedder.EclipseLogger - Using 'UTF-8' encoding to copy filtered resources.
2020-08-26 14:47:22,546 [Worker-25: Building] INFO  o.e.m.c.i.embedder.EclipseLogger - skip non existing resourceDirectory /home/jose/Desktop/git/UCWriter/UCWriter/UCWriter/ucwriter.xtext.guimeta.ucdsl.parent/ucwriter.xtext.guimeta.ucdsl/src/main/resources
2020-08-26 14:47:22,547 [Worker-25: Building] INFO  o.e.m.c.i.embedder.EclipseLogger - Using 'UTF-8' encoding to copy filtered resources.
2020-08-26 14:47:22,548 [Worker-25: Building] INFO  o.e.m.c.i.embedder.EclipseLogger - skip non existing resourceDirectory /home/jose/Desktop/git/UCWriter/UCWriter/UCWriter/ucwriter.xtext.guimeta.ucdsl.parent/ucwriter.xtext.guimeta.ucdsl/src/test/resources
2020-08-26 14:47:24,316 [Worker-25: Building] INFO  o.e.m.c.i.embedder.EclipseLogger - Using 'UTF-8' encoding to copy filtered resources.
2020-08-26 14:47:24,317 [Worker-25: Building] INFO  o.e.m.c.i.embedder.EclipseLogger - skip non existing resourceDirectory /home/jose/Desktop/git/UCWriter/UCWriter/UCWriter/ucwriter.xtext.guimeta.ucdsl.parent/ucwriter.xtext.guimeta.ucdsl.ide/src/main/resources
2020-08-26 14:47:24,317 [Worker-25: Building] INFO  o.e.m.c.i.embedder.EclipseLogger - Using 'UTF-8' encoding to copy filtered resources.
2020-08-26 14:47:24,318 [Worker-25: Building] INFO  o.e.m.c.i.embedder.EclipseLogger - skip non existing resourceDirectory /home/jose/Desktop/git/UCWriter/UCWriter/UCWriter/ucwriter.xtext.guimeta.ucdsl.parent/ucwriter.xtext.guimeta.ucdsl.ide/src/test/resources
2020-08-26 14:47:24,500 [Worker-25: Building] INFO  o.e.m.c.i.embedder.EclipseLogger - Using 'UTF-8' encoding to copy filtered resources.
2020-08-26 14:47:24,501 [Worker-25: Building] INFO  o.e.m.c.i.embedder.EclipseLogger - skip non existing resourceDirectory /home/jose/Desktop/git/UCWriter/UCWriter/UCWriter/ucwriter.xtext.guimeta.ucdsl.parent/ucwriter.xtext.guimeta.ucdsl.tests/src/main/resources
2020-08-26 14:47:24,502 [Worker-25: Building] INFO  o.e.m.c.i.embedder.EclipseLogger - Using 'UTF-8' encoding to copy filtered resources.
2020-08-26 14:47:24,502 [Worker-25: Building] INFO  o.e.m.c.i.embedder.EclipseLogger - skip non existing resourceDirectory /home/jose/Desktop/git/UCWriter/UCWriter/UCWriter/ucwriter.xtext.guimeta.ucdsl.parent/ucwriter.xtext.guimeta.ucdsl.tests/src/test/resources
2020-08-26 14:47:25,738 [Worker-25: Building] INFO  o.e.m.c.i.embedder.EclipseLogger - Using 'UTF-8' encoding to copy filtered resources.
2020-08-26 14:47:25,738 [Worker-25: Building] INFO  o.e.m.c.i.embedder.EclipseLogger - skip non existing resourceDirectory /home/jose/Desktop/git/UCWriter/UCWriter/UCWriter/ucwriter.xtext.guimeta.ucdsl.parent/ucwriter.xtext.guimeta.ucdsl.ui/src/main/resources
2020-08-26 14:47:25,739 [Worker-25: Building] INFO  o.e.m.c.i.embedder.EclipseLogger - Using 'UTF-8' encoding to copy filtered resources.
2020-08-26 14:47:25,739 [Worker-25: Building] INFO  o.e.m.c.i.embedder.EclipseLogger - skip non existing resourceDirectory /home/jose/Desktop/git/UCWriter/UCWriter/UCWriter/ucwriter.xtext.guimeta.ucdsl.parent/ucwriter.xtext.guimeta.ucdsl.ui/src/test/resources
2020-08-26 14:47:26,839 [Worker-25: Building] INFO  o.e.m.c.i.embedder.EclipseLogger - Using 'UTF-8' encoding to copy filtered resources.
2020-08-26 14:47:26,840 [Worker-25: Building] INFO  o.e.m.c.i.embedder.EclipseLogger - skip non existing resourceDirectory /home/jose/Desktop/git/UCWriter/UCWriter/UCWriter/ucwriter.xtext.guimeta.ucdsl.parent/ucwriter.xtext.guimeta.ucdsl.ui.tests/src/main/resources
2020-08-26 14:47:26,841 [Worker-25: Building] INFO  o.e.m.c.i.embedder.EclipseLogger - Using 'UTF-8' encoding to copy filtered resources.
2020-08-26 14:47:26,841 [Worker-25: Building] INFO  o.e.m.c.i.embedder.EclipseLogger - skip non existing resourceDirectory /home/jose/Desktop/git/UCWriter/UCWriter/UCWriter/ucwriter.xtext.guimeta.ucdsl.parent/ucwriter.xtext.guimeta.ucdsl.ui.tests/src/test/resources
2020-08-26 14:47:27,085 [Worker-25: Building] INFO  o.e.m.c.i.p.WorkspaceClassifierResolverManager - Resolving P/ucwriter.xtext.guimeta.ucdsl: ucwriter.xtext.guimeta.ucdsl:ucwriter.xtext.guimeta.ucdsl:1.0.0-SNAPSHOT with classifier  to /ucwriter.xtext.guimeta.ucdsl/target/classes
2020-08-26 14:47:27,085 [Worker-25: Building] INFO  o.e.m.c.i.p.WorkspaceClassifierResolverManager - Resolving P/ucwriter.xtext.guimeta.ucdsl.ide: ucwriter.xtext.guimeta.ucdsl:ucwriter.xtext.guimeta.ucdsl.ide:1.0.0-SNAPSHOT with classifier  to /ucwriter.xtext.guimeta.ucdsl.ide/target/classes
2020-08-26 14:47:27,192 [Worker-25: Building] INFO  o.e.m.c.i.embedder.EclipseLogger - Using 'UTF-8' encoding to copy filtered resources.
2020-08-26 14:47:27,196 [Worker-25: Building] INFO  o.e.m.c.i.embedder.EclipseLogger - Copying 0 resource
2020-08-26 14:47:27,198 [Worker-25: Building] INFO  o.e.m.c.i.embedder.EclipseLogger - Using 'UTF-8' encoding to copy filtered resources.
2020-08-26 14:47:27,198 [Worker-25: Building] INFO  o.e.m.c.i.embedder.EclipseLogger - skip non existing resourceDirectory /home/jose/Desktop/git/UCWriter/UCWriter/UCWriter/ucwriter.xtext.guimeta.ucdsl.parent/ucwriter.xtext.guimeta.ucdsl.web/src/test/resources
2020-08-26 14:47:29,627 [Worker-25: Building] INFO  o.e.m.c.i.embedder.EclipseLogger - Using 'UTF-8' encoding to copy filtered resources.
2020-08-26 14:47:29,628 [Worker-25: Building] INFO  o.e.m.c.i.embedder.EclipseLogger - skip non existing resourceDirectory /home/jose/Desktop/git/UCWriter/UCWriter/UCWriter/ucwriter.xtext.guimeta.ucdsl.parent/ucwriter.xtext.guimeta.ucdsl/src/main/resources
2020-08-26 14:47:29,629 [Worker-25: Building] INFO  o.e.m.c.i.embedder.EclipseLogger - Using 'UTF-8' encoding to copy filtered resources.
2020-08-26 14:47:29,629 [Worker-25: Building] INFO  o.e.m.c.i.embedder.EclipseLogger - skip non existing resourceDirectory /home/jose/Desktop/git/UCWriter/UCWriter/UCWriter/ucwriter.xtext.guimeta.ucdsl.parent/ucwriter.xtext.guimeta.ucdsl/src/test/resources
2020-08-26 14:47:30,115 [Worker-25: Building] INFO  o.e.m.c.i.embedder.EclipseLogger - Using 'UTF-8' encoding to copy filtered resources.
2020-08-26 14:47:30,115 [Worker-25: Building] INFO  o.e.m.c.i.embedder.EclipseLogger - skip non existing resourceDirectory /home/jose/Desktop/git/UCWriter/UCWriter/UCWriter/ucwriter.xtext.guimeta.ucdsl.parent/ucwriter.xtext.guimeta.ucdsl.ide/src/main/resources
2020-08-26 14:47:30,116 [Worker-25: Building] INFO  o.e.m.c.i.embedder.EclipseLogger - Using 'UTF-8' encoding to copy filtered resources.
2020-08-26 14:47:30,116 [Worker-25: Building] INFO  o.e.m.c.i.embedder.EclipseLogger - skip non existing resourceDirectory /home/jose/Desktop/git/UCWriter/UCWriter/UCWriter/ucwriter.xtext.guimeta.ucdsl.parent/ucwriter.xtext.guimeta.ucdsl.ide/src/test/resources
2020-08-26 14:47:30,717 [Worker-25: Building] INFO  o.e.m.c.i.embedder.EclipseLogger - Using 'UTF-8' encoding to copy filtered resources.
2020-08-26 14:47:30,718 [Worker-25: Building] INFO  o.e.m.c.i.embedder.EclipseLogger - skip non existing resourceDirectory /home/jose/Desktop/git/UCWriter/UCWriter/UCWriter/ucwriter.xtext.guimeta.ucdsl.parent/ucwriter.xtext.guimeta.ucdsl.tests/src/main/resources
2020-08-26 14:47:30,721 [Worker-25: Building] INFO  o.e.m.c.i.embedder.EclipseLogger - Using 'UTF-8' encoding to copy filtered resources.
2020-08-26 14:47:30,721 [Worker-25: Building] INFO  o.e.m.c.i.embedder.EclipseLogger - skip non existing resourceDirectory /home/jose/Desktop/git/UCWriter/UCWriter/UCWriter/ucwriter.xtext.guimeta.ucdsl.parent/ucwriter.xtext.guimeta.ucdsl.tests/src/test/resources
2020-08-26 14:47:31,496 [Worker-25: Building] INFO  o.e.m.c.i.embedder.EclipseLogger - Using 'UTF-8' encoding to copy filtered resources.
2020-08-26 14:47:31,496 [Worker-25: Building] INFO  o.e.m.c.i.embedder.EclipseLogger - skip non existing resourceDirectory /home/jose/Desktop/git/UCWriter/UCWriter/UCWriter/ucwriter.xtext.guimeta.ucdsl.parent/ucwriter.xtext.guimeta.ucdsl.ui/src/main/resources
2020-08-26 14:47:31,497 [Worker-25: Building] INFO  o.e.m.c.i.embedder.EclipseLogger - Using 'UTF-8' encoding to copy filtered resources.
2020-08-26 14:47:31,498 [Worker-25: Building] INFO  o.e.m.c.i.embedder.EclipseLogger - skip non existing resourceDirectory /home/jose/Desktop/git/UCWriter/UCWriter/UCWriter/ucwriter.xtext.guimeta.ucdsl.parent/ucwriter.xtext.guimeta.ucdsl.ui/src/test/resources
2020-08-26 14:47:31,910 [Worker-25: Building] INFO  o.e.m.c.i.embedder.EclipseLogger - Using 'UTF-8' encoding to copy filtered resources.
2020-08-26 14:47:31,910 [Worker-25: Building] INFO  o.e.m.c.i.embedder.EclipseLogger - skip non existing resourceDirectory /home/jose/Desktop/git/UCWriter/UCWriter/UCWriter/ucwriter.xtext.guimeta.ucdsl.parent/ucwriter.xtext.guimeta.ucdsl.ui.tests/src/main/resources
2020-08-26 14:47:31,911 [Worker-25: Building] INFO  o.e.m.c.i.embedder.EclipseLogger - Using 'UTF-8' encoding to copy filtered resources.
2020-08-26 14:47:31,911 [Worker-25: Building] INFO  o.e.m.c.i.embedder.EclipseLogger - skip non existing resourceDirectory /home/jose/Desktop/git/UCWriter/UCWriter/UCWriter/ucwriter.xtext.guimeta.ucdsl.parent/ucwriter.xtext.guimeta.ucdsl.ui.tests/src/test/resources
2020-08-26 14:47:32,499 [Worker-25: Building] INFO  o.e.m.c.i.p.WorkspaceClassifierResolverManager - Resolving P/ucwriter.xtext.guimeta.ucdsl: ucwriter.xtext.guimeta.ucdsl:ucwriter.xtext.guimeta.ucdsl:1.0.0-SNAPSHOT with classifier  to /ucwriter.xtext.guimeta.ucdsl/target/classes
2020-08-26 14:47:32,499 [Worker-25: Building] INFO  o.e.m.c.i.p.WorkspaceClassifierResolverManager - Resolving P/ucwriter.xtext.guimeta.ucdsl.ide: ucwriter.xtext.guimeta.ucdsl:ucwriter.xtext.guimeta.ucdsl.ide:1.0.0-SNAPSHOT with classifier  to /ucwriter.xtext.guimeta.ucdsl.ide/target/classes
2020-08-26 14:47:32,591 [Worker-25: Building] INFO  o.e.m.c.i.embedder.EclipseLogger - Using 'UTF-8' encoding to copy filtered resources.
2020-08-26 14:47:32,594 [Worker-25: Building] INFO  o.e.m.c.i.embedder.EclipseLogger - Copying 0 resource
2020-08-26 14:47:32,596 [Worker-25: Building] INFO  o.e.m.c.i.embedder.EclipseLogger - Using 'UTF-8' encoding to copy filtered resources.
2020-08-26 14:47:32,596 [Worker-25: Building] INFO  o.e.m.c.i.embedder.EclipseLogger - skip non existing resourceDirectory /home/jose/Desktop/git/UCWriter/UCWriter/UCWriter/ucwriter.xtext.guimeta.ucdsl.parent/ucwriter.xtext.guimeta.ucdsl.web/src/test/resources
2020-08-31 22:27:57,380 [Worker-8: Loading available Gradle versions] INFO  o.e.b.c.i.u.g.PublishedGradleVersions - Gradle version information cache is out-of-date. Trying to update.
2020-08-31 22:28:02,490 [Worker-3: Building] INFO  o.e.m.c.i.embedder.EclipseLogger - Using 'UTF-8' encoding to copy filtered resources.
2020-08-31 22:28:02,522 [Worker-3: Building] INFO  o.e.m.c.i.embedder.EclipseLogger - skip non existing resourceDirectory /home/jose/Desktop/git/UCWriter/UCWriter/UCWriter/ucwriter.xtext.guimeta.ucdsl.parent/ucwriter.xtext.guimeta.ucdsl.tests/src/main/resources
2020-08-31 22:28:02,524 [Worker-3: Building] INFO  o.e.m.c.i.embedder.EclipseLogger - Using 'UTF-8' encoding to copy filtered resources.
2020-08-31 22:28:02,524 [Worker-3: Building] INFO  o.e.m.c.i.embedder.EclipseLogger - skip non existing resourceDirectory /home/jose/Desktop/git/UCWriter/UCWriter/UCWriter/ucwriter.xtext.guimeta.ucdsl.parent/ucwriter.xtext.guimeta.ucdsl.tests/src/test/resources
2020-08-31 22:28:09,230 [Worker-3: Building] INFO  o.e.m.c.i.embedder.EclipseLogger - Using 'UTF-8' encoding to copy filtered resources.
2020-08-31 22:28:09,230 [Worker-3: Building] INFO  o.e.m.c.i.embedder.EclipseLogger - skip non existing resourceDirectory /home/jose/Desktop/git/UCWriter/UCWriter/UCWriter/ucwriter.xtext.guimeta.ucdsl.parent/ucwriter.xtext.guimeta.ucdsl.tests/src/main/resources
2020-08-31 22:28:09,231 [Worker-3: Building] INFO  o.e.m.c.i.embedder.EclipseLogger - Using 'UTF-8' encoding to copy filtered resources.
2020-08-31 22:28:09,231 [Worker-3: Building] INFO  o.e.m.c.i.embedder.EclipseLogger - skip non existing resourceDirectory /home/jose/Desktop/git/UCWriter/UCWriter/UCWriter/ucwriter.xtext.guimeta.ucdsl.parent/ucwriter.xtext.guimeta.ucdsl.tests/src/test/resources
2020-08-31 22:41:07,233 [Worker-20: Building] INFO  o.e.m.c.i.embedder.EclipseLogger - Using 'UTF-8' encoding to copy filtered resources.
2020-08-31 22:41:07,233 [Worker-20: Building] INFO  o.e.m.c.i.embedder.EclipseLogger - skip non existing resourceDirectory /home/jose/Desktop/git/UCWriter/UCWriter/UCWriter/ucwriter.xtext.guimeta.ucdsl.parent/ucwriter.xtext.guimeta.ucdsl/src/main/resources
2020-08-31 22:41:07,234 [Worker-20: Building] INFO  o.e.m.c.i.embedder.EclipseLogger - Using 'UTF-8' encoding to copy filtered resources.
2020-08-31 22:41:07,234 [Worker-20: Building] INFO  o.e.m.c.i.embedder.EclipseLogger - skip non existing resourceDirectory /home/jose/Desktop/git/UCWriter/UCWriter/UCWriter/ucwriter.xtext.guimeta.ucdsl.parent/ucwriter.xtext.guimeta.ucdsl/src/test/resources
2020-08-31 22:41:11,513 [Worker-7: Launching GenerateUCdsl.mwe2] INFO  o.e.m.c.i.embedder.EclipseLogger - Using 'UTF-8' encoding to copy filtered resources.
2020-08-31 22:41:11,513 [Worker-7: Launching GenerateUCdsl.mwe2] INFO  o.e.m.c.i.embedder.EclipseLogger - skip non existing resourceDirectory /home/jose/Desktop/git/UCWriter/UCWriter/UCWriter/ucwriter.xtext.guimeta.ucdsl.parent/ucwriter.xtext.guimeta.ucdsl/src/main/resources
2020-08-31 22:41:11,514 [Worker-7: Launching GenerateUCdsl.mwe2] INFO  o.e.m.c.i.embedder.EclipseLogger - Using 'UTF-8' encoding to copy filtered resources.
2020-08-31 22:41:11,514 [Worker-7: Launching GenerateUCdsl.mwe2] INFO  o.e.m.c.i.embedder.EclipseLogger - skip non existing resourceDirectory /home/jose/Desktop/git/UCWriter/UCWriter/UCWriter/ucwriter.xtext.guimeta.ucdsl.parent/ucwriter.xtext.guimeta.ucdsl/src/test/resources
2020-08-31 22:41:11,636 [Worker-22: Building] INFO  o.e.m.c.i.embedder.EclipseLogger - Using 'UTF-8' encoding to copy filtered resources.
2020-08-31 22:41:11,636 [Worker-22: Building] INFO  o.e.m.c.i.embedder.EclipseLogger - skip non existing resourceDirectory /home/jose/Desktop/git/UCWriter/UCWriter/UCWriter/ucwriter.xtext.guimeta.ucdsl.parent/ucwriter.xtext.guimeta.ucdsl.ide/src/main/resources
2020-08-31 22:41:11,637 [Worker-22: Building] INFO  o.e.m.c.i.embedder.EclipseLogger - Using 'UTF-8' encoding to copy filtered resources.
2020-08-31 22:41:11,638 [Worker-22: Building] INFO  o.e.m.c.i.embedder.EclipseLogger - skip non existing resourceDirectory /home/jose/Desktop/git/UCWriter/UCWriter/UCWriter/ucwriter.xtext.guimeta.ucdsl.parent/ucwriter.xtext.guimeta.ucdsl.ide/src/test/resources
2020-08-31 22:41:11,645 [Worker-22: Building] INFO  o.e.m.c.i.embedder.EclipseLogger - Using 'UTF-8' encoding to copy filtered resources.
2020-08-31 22:41:11,645 [Worker-22: Building] INFO  o.e.m.c.i.embedder.EclipseLogger - skip non existing resourceDirectory /home/jose/Desktop/git/UCWriter/UCWriter/UCWriter/ucwriter.xtext.guimeta.ucdsl.parent/ucwriter.xtext.guimeta.ucdsl.tests/src/main/resources
2020-08-31 22:41:11,646 [Worker-22: Building] INFO  o.e.m.c.i.embedder.EclipseLogger - Using 'UTF-8' encoding to copy filtered resources.
2020-08-31 22:41:11,646 [Worker-22: Building] INFO  o.e.m.c.i.embedder.EclipseLogger - skip non existing resourceDirectory /home/jose/Desktop/git/UCWriter/UCWriter/UCWriter/ucwriter.xtext.guimeta.ucdsl.parent/ucwriter.xtext.guimeta.ucdsl.tests/src/test/resources
2020-08-31 22:41:11,662 [Worker-22: Building] INFO  o.e.m.c.i.embedder.EclipseLogger - Using 'UTF-8' encoding to copy filtered resources.
2020-08-31 22:41:11,663 [Worker-22: Building] INFO  o.e.m.c.i.embedder.EclipseLogger - skip non existing resourceDirectory /home/jose/Desktop/git/UCWriter/UCWriter/UCWriter/ucwriter.xtext.guimeta.ucdsl.parent/ucwriter.xtext.guimeta.ucdsl.ui/src/main/resources
2020-08-31 22:41:11,664 [Worker-22: Building] INFO  o.e.m.c.i.embedder.EclipseLogger - Using 'UTF-8' encoding to copy filtered resources.
2020-08-31 22:41:11,664 [Worker-22: Building] INFO  o.e.m.c.i.embedder.EclipseLogger - skip non existing resourceDirectory /home/jose/Desktop/git/UCWriter/UCWriter/UCWriter/ucwriter.xtext.guimeta.ucdsl.parent/ucwriter.xtext.guimeta.ucdsl.ui/src/test/resources
2020-08-31 22:41:11,683 [Worker-22: Building] INFO  o.e.m.c.i.embedder.EclipseLogger - Using 'UTF-8' encoding to copy filtered resources.
2020-08-31 22:41:11,683 [Worker-22: Building] INFO  o.e.m.c.i.embedder.EclipseLogger - skip non existing resourceDirectory /home/jose/Desktop/git/UCWriter/UCWriter/UCWriter/ucwriter.xtext.guimeta.ucdsl.parent/ucwriter.xtext.guimeta.ucdsl.ui.tests/src/main/resources
2020-08-31 22:41:11,686 [Worker-22: Building] INFO  o.e.m.c.i.embedder.EclipseLogger - Using 'UTF-8' encoding to copy filtered resources.
2020-08-31 22:41:11,686 [Worker-22: Building] INFO  o.e.m.c.i.embedder.EclipseLogger - skip non existing resourceDirectory /home/jose/Desktop/git/UCWriter/UCWriter/UCWriter/ucwriter.xtext.guimeta.ucdsl.parent/ucwriter.xtext.guimeta.ucdsl.ui.tests/src/test/resources
2020-08-31 22:41:13,123 [Worker-22: Building] INFO  o.e.m.c.i.p.WorkspaceClassifierResolverManager - Resolving P/ucwriter.xtext.guimeta.ucdsl: ucwriter.xtext.guimeta.ucdsl:ucwriter.xtext.guimeta.ucdsl:1.0.0-SNAPSHOT with classifier  to /ucwriter.xtext.guimeta.ucdsl/target/classes
2020-08-31 22:41:13,125 [Worker-22: Building] INFO  o.e.m.c.i.p.WorkspaceClassifierResolverManager - Resolving P/ucwriter.xtext.guimeta.ucdsl.ide: ucwriter.xtext.guimeta.ucdsl:ucwriter.xtext.guimeta.ucdsl.ide:1.0.0-SNAPSHOT with classifier  to /ucwriter.xtext.guimeta.ucdsl.ide/target/classes
2020-08-31 22:41:13,825 [Worker-22: Building] INFO  o.e.m.c.i.embedder.EclipseLogger - Using 'UTF-8' encoding to copy filtered resources.
2020-08-31 22:41:13,830 [Worker-22: Building] INFO  o.e.m.c.i.embedder.EclipseLogger - Copying 0 resource
2020-08-31 22:41:13,832 [Worker-22: Building] INFO  o.e.m.c.i.embedder.EclipseLogger - Using 'UTF-8' encoding to copy filtered resources.
2020-08-31 22:41:13,832 [Worker-22: Building] INFO  o.e.m.c.i.embedder.EclipseLogger - skip non existing resourceDirectory /home/jose/Desktop/git/UCWriter/UCWriter/UCWriter/ucwriter.xtext.guimeta.ucdsl.parent/ucwriter.xtext.guimeta.ucdsl.web/src/test/resources
2020-08-31 22:41:21,024 [Worker-7: Building] INFO  o.e.m.c.i.embedder.EclipseLogger - Using 'UTF-8' encoding to copy filtered resources.
2020-08-31 22:41:21,024 [Worker-7: Building] INFO  o.e.m.c.i.embedder.EclipseLogger - skip non existing resourceDirectory /home/jose/Desktop/git/UCWriter/UCWriter/UCWriter/ucwriter.xtext.guimeta.ucdsl.parent/ucwriter.xtext.guimeta.ucdsl/src/main/resources
2020-08-31 22:41:21,025 [Worker-7: Building] INFO  o.e.m.c.i.embedder.EclipseLogger - Using 'UTF-8' encoding to copy filtered resources.
2020-08-31 22:41:21,025 [Worker-7: Building] INFO  o.e.m.c.i.embedder.EclipseLogger - skip non existing resourceDirectory /home/jose/Desktop/git/UCWriter/UCWriter/UCWriter/ucwriter.xtext.guimeta.ucdsl.parent/ucwriter.xtext.guimeta.ucdsl/src/test/resources
2020-08-31 22:41:22,015 [Worker-7: Building] INFO  o.e.m.c.i.embedder.EclipseLogger - Using 'UTF-8' encoding to copy filtered resources.
2020-08-31 22:41:22,015 [Worker-7: Building] INFO  o.e.m.c.i.embedder.EclipseLogger - skip non existing resourceDirectory /home/jose/Desktop/git/UCWriter/UCWriter/UCWriter/ucwriter.xtext.guimeta.ucdsl.parent/ucwriter.xtext.guimeta.ucdsl.ide/src/main/resources
2020-08-31 22:41:22,016 [Worker-7: Building] INFO  o.e.m.c.i.embedder.EclipseLogger - Using 'UTF-8' encoding to copy filtered resources.
2020-08-31 22:41:22,016 [Worker-7: Building] INFO  o.e.m.c.i.embedder.EclipseLogger - skip non existing resourceDirectory /home/jose/Desktop/git/UCWriter/UCWriter/UCWriter/ucwriter.xtext.guimeta.ucdsl.parent/ucwriter.xtext.guimeta.ucdsl.ide/src/test/resources
2020-08-31 22:41:22,214 [Worker-7: Building] INFO  o.e.m.c.i.embedder.EclipseLogger - Using 'UTF-8' encoding to copy filtered resources.
2020-08-31 22:41:22,214 [Worker-7: Building] INFO  o.e.m.c.i.embedder.EclipseLogger - skip non existing resourceDirectory /home/jose/Desktop/git/UCWriter/UCWriter/UCWriter/ucwriter.xtext.guimeta.ucdsl.parent/ucwriter.xtext.guimeta.ucdsl.tests/src/main/resources
2020-08-31 22:41:22,215 [Worker-7: Building] INFO  o.e.m.c.i.embedder.EclipseLogger - Using 'UTF-8' encoding to copy filtered resources.
2020-08-31 22:41:22,215 [Worker-7: Building] INFO  o.e.m.c.i.embedder.EclipseLogger - skip non existing resourceDirectory /home/jose/Desktop/git/UCWriter/UCWriter/UCWriter/ucwriter.xtext.guimeta.ucdsl.parent/ucwriter.xtext.guimeta.ucdsl.tests/src/test/resources
2020-08-31 22:41:22,965 [Worker-7: Building] INFO  o.e.m.c.i.embedder.EclipseLogger - Using 'UTF-8' encoding to copy filtered resources.
2020-08-31 22:41:22,965 [Worker-7: Building] INFO  o.e.m.c.i.embedder.EclipseLogger - skip non existing resourceDirectory /home/jose/Desktop/git/UCWriter/UCWriter/UCWriter/ucwriter.xtext.guimeta.ucdsl.parent/ucwriter.xtext.guimeta.ucdsl.ui/src/main/resources
2020-08-31 22:41:22,965 [Worker-7: Building] INFO  o.e.m.c.i.embedder.EclipseLogger - Using 'UTF-8' encoding to copy filtered resources.
2020-08-31 22:41:22,965 [Worker-7: Building] INFO  o.e.m.c.i.embedder.EclipseLogger - skip non existing resourceDirectory /home/jose/Desktop/git/UCWriter/UCWriter/UCWriter/ucwriter.xtext.guimeta.ucdsl.parent/ucwriter.xtext.guimeta.ucdsl.ui/src/test/resources
2020-08-31 22:41:23,942 [Worker-7: Building] INFO  o.e.m.c.i.embedder.EclipseLogger - Using 'UTF-8' encoding to copy filtered resources.
2020-08-31 22:41:23,943 [Worker-7: Building] INFO  o.e.m.c.i.embedder.EclipseLogger - skip non existing resourceDirectory /home/jose/Desktop/git/UCWriter/UCWriter/UCWriter/ucwriter.xtext.guimeta.ucdsl.parent/ucwriter.xtext.guimeta.ucdsl.ui.tests/src/main/resources
2020-08-31 22:41:23,944 [Worker-7: Building] INFO  o.e.m.c.i.embedder.EclipseLogger - Using 'UTF-8' encoding to copy filtered resources.
2020-08-31 22:41:23,944 [Worker-7: Building] INFO  o.e.m.c.i.embedder.EclipseLogger - skip non existing resourceDirectory /home/jose/Desktop/git/UCWriter/UCWriter/UCWriter/ucwriter.xtext.guimeta.ucdsl.parent/ucwriter.xtext.guimeta.ucdsl.ui.tests/src/test/resources
2020-08-31 22:41:24,085 [Worker-7: Building] INFO  o.e.m.c.i.p.WorkspaceClassifierResolverManager - Resolving P/ucwriter.xtext.guimeta.ucdsl: ucwriter.xtext.guimeta.ucdsl:ucwriter.xtext.guimeta.ucdsl:1.0.0-SNAPSHOT with classifier  to /ucwriter.xtext.guimeta.ucdsl/target/classes
2020-08-31 22:41:24,085 [Worker-7: Building] INFO  o.e.m.c.i.p.WorkspaceClassifierResolverManager - Resolving P/ucwriter.xtext.guimeta.ucdsl.ide: ucwriter.xtext.guimeta.ucdsl:ucwriter.xtext.guimeta.ucdsl.ide:1.0.0-SNAPSHOT with classifier  to /ucwriter.xtext.guimeta.ucdsl.ide/target/classes
2020-08-31 22:41:24,185 [Worker-7: Building] INFO  o.e.m.c.i.embedder.EclipseLogger - Using 'UTF-8' encoding to copy filtered resources.
2020-08-31 22:41:24,200 [Worker-7: Building] INFO  o.e.m.c.i.embedder.EclipseLogger - Copying 0 resource
2020-08-31 22:41:24,202 [Worker-7: Building] INFO  o.e.m.c.i.embedder.EclipseLogger - Using 'UTF-8' encoding to copy filtered resources.
2020-08-31 22:41:24,202 [Worker-7: Building] INFO  o.e.m.c.i.embedder.EclipseLogger - skip non existing resourceDirectory /home/jose/Desktop/git/UCWriter/UCWriter/UCWriter/ucwriter.xtext.guimeta.ucdsl.parent/ucwriter.xtext.guimeta.ucdsl.web/src/test/resources
2020-08-31 22:41:25,885 [Worker-7: Building] INFO  o.e.m.c.i.embedder.EclipseLogger - Using 'UTF-8' encoding to copy filtered resources.
2020-08-31 22:41:25,885 [Worker-7: Building] INFO  o.e.m.c.i.embedder.EclipseLogger - skip non existing resourceDirectory /home/jose/Desktop/git/UCWriter/UCWriter/UCWriter/ucwriter.xtext.guimeta.ucdsl.parent/ucwriter.xtext.guimeta.ucdsl/src/main/resources
2020-08-31 22:41:25,886 [Worker-7: Building] INFO  o.e.m.c.i.embedder.EclipseLogger - Using 'UTF-8' encoding to copy filtered resources.
2020-08-31 22:41:25,886 [Worker-7: Building] INFO  o.e.m.c.i.embedder.EclipseLogger - skip non existing resourceDirectory /home/jose/Desktop/git/UCWriter/UCWriter/UCWriter/ucwriter.xtext.guimeta.ucdsl.parent/ucwriter.xtext.guimeta.ucdsl/src/test/resources
2020-08-31 22:41:26,292 [Worker-7: Building] INFO  o.e.m.c.i.embedder.EclipseLogger - Using 'UTF-8' encoding to copy filtered resources.
2020-08-31 22:41:26,292 [Worker-7: Building] INFO  o.e.m.c.i.embedder.EclipseLogger - skip non existing resourceDirectory /home/jose/Desktop/git/UCWriter/UCWriter/UCWriter/ucwriter.xtext.guimeta.ucdsl.parent/ucwriter.xtext.guimeta.ucdsl.ide/src/main/resources
2020-08-31 22:41:26,293 [Worker-7: Building] INFO  o.e.m.c.i.embedder.EclipseLogger - Using 'UTF-8' encoding to copy filtered resources.
2020-08-31 22:41:26,293 [Worker-7: Building] INFO  o.e.m.c.i.embedder.EclipseLogger - skip non existing resourceDirectory /home/jose/Desktop/git/UCWriter/UCWriter/UCWriter/ucwriter.xtext.guimeta.ucdsl.parent/ucwriter.xtext.guimeta.ucdsl.ide/src/test/resources
2020-08-31 22:41:26,816 [Worker-7: Building] INFO  o.e.m.c.i.embedder.EclipseLogger - Using 'UTF-8' encoding to copy filtered resources.
2020-08-31 22:41:26,816 [Worker-7: Building] INFO  o.e.m.c.i.embedder.EclipseLogger - skip non existing resourceDirectory /home/jose/Desktop/git/UCWriter/UCWriter/UCWriter/ucwriter.xtext.guimeta.ucdsl.parent/ucwriter.xtext.guimeta.ucdsl.tests/src/main/resources
2020-08-31 22:41:26,818 [Worker-7: Building] INFO  o.e.m.c.i.embedder.EclipseLogger - Using 'UTF-8' encoding to copy filtered resources.
2020-08-31 22:41:26,818 [Worker-7: Building] INFO  o.e.m.c.i.embedder.EclipseLogger - skip non existing resourceDirectory /home/jose/Desktop/git/UCWriter/UCWriter/UCWriter/ucwriter.xtext.guimeta.ucdsl.parent/ucwriter.xtext.guimeta.ucdsl.tests/src/test/resources
2020-08-31 22:41:27,178 [Worker-7: Building] INFO  o.e.m.c.i.embedder.EclipseLogger - Using 'UTF-8' encoding to copy filtered resources.
2020-08-31 22:41:27,178 [Worker-7: Building] INFO  o.e.m.c.i.embedder.EclipseLogger - skip non existing resourceDirectory /home/jose/Desktop/git/UCWriter/UCWriter/UCWriter/ucwriter.xtext.guimeta.ucdsl.parent/ucwriter.xtext.guimeta.ucdsl.ui/src/main/resources
2020-08-31 22:41:27,178 [Worker-7: Building] INFO  o.e.m.c.i.embedder.EclipseLogger - Using 'UTF-8' encoding to copy filtered resources.
2020-08-31 22:41:27,178 [Worker-7: Building] INFO  o.e.m.c.i.embedder.EclipseLogger - skip non existing resourceDirectory /home/jose/Desktop/git/UCWriter/UCWriter/UCWriter/ucwriter.xtext.guimeta.ucdsl.parent/ucwriter.xtext.guimeta.ucdsl.ui/src/test/resources
2020-08-31 22:41:27,394 [Worker-7: Building] INFO  o.e.m.c.i.embedder.EclipseLogger - Using 'UTF-8' encoding to copy filtered resources.
2020-08-31 22:41:27,394 [Worker-7: Building] INFO  o.e.m.c.i.embedder.EclipseLogger - skip non existing resourceDirectory /home/jose/Desktop/git/UCWriter/UCWriter/UCWriter/ucwriter.xtext.guimeta.ucdsl.parent/ucwriter.xtext.guimeta.ucdsl.ui.tests/src/main/resources
2020-08-31 22:41:27,395 [Worker-7: Building] INFO  o.e.m.c.i.embedder.EclipseLogger - Using 'UTF-8' encoding to copy filtered resources.
2020-08-31 22:41:27,395 [Worker-7: Building] INFO  o.e.m.c.i.embedder.EclipseLogger - skip non existing resourceDirectory /home/jose/Desktop/git/UCWriter/UCWriter/UCWriter/ucwriter.xtext.guimeta.ucdsl.parent/ucwriter.xtext.guimeta.ucdsl.ui.tests/src/test/resources
2020-08-31 22:41:27,832 [Worker-7: Building] INFO  o.e.m.c.i.p.WorkspaceClassifierResolverManager - Resolving P/ucwriter.xtext.guimeta.ucdsl: ucwriter.xtext.guimeta.ucdsl:ucwriter.xtext.guimeta.ucdsl:1.0.0-SNAPSHOT with classifier  to /ucwriter.xtext.guimeta.ucdsl/target/classes
2020-08-31 22:41:27,832 [Worker-7: Building] INFO  o.e.m.c.i.p.WorkspaceClassifierResolverManager - Resolving P/ucwriter.xtext.guimeta.ucdsl.ide: ucwriter.xtext.guimeta.ucdsl:ucwriter.xtext.guimeta.ucdsl.ide:1.0.0-SNAPSHOT with classifier  to /ucwriter.xtext.guimeta.ucdsl.ide/target/classes
2020-08-31 22:41:27,899 [Worker-7: Building] INFO  o.e.m.c.i.embedder.EclipseLogger - Using 'UTF-8' encoding to copy filtered resources.
2020-08-31 22:41:27,901 [Worker-7: Building] INFO  o.e.m.c.i.embedder.EclipseLogger - Copying 0 resource
2020-08-31 22:41:27,903 [Worker-7: Building] INFO  o.e.m.c.i.embedder.EclipseLogger - Using 'UTF-8' encoding to copy filtered resources.
2020-08-31 22:41:27,903 [Worker-7: Building] INFO  o.e.m.c.i.embedder.EclipseLogger - skip non existing resourceDirectory /home/jose/Desktop/git/UCWriter/UCWriter/UCWriter/ucwriter.xtext.guimeta.ucdsl.parent/ucwriter.xtext.guimeta.ucdsl.web/src/test/resources
2020-08-31 22:48:24,209 [Worker-25: Building] INFO  o.e.m.c.i.embedder.EclipseLogger - Using 'UTF-8' encoding to copy filtered resources.
2020-08-31 22:48:24,209 [Worker-25: Building] INFO  o.e.m.c.i.embedder.EclipseLogger - skip non existing resourceDirectory /home/jose/Desktop/git/UCWriter/UCWriter/UCWriter/ucwriter.xtext.guimeta.ucdsl.parent/ucwriter.xtext.guimeta.ucdsl/src/main/resources
2020-08-31 22:48:24,210 [Worker-25: Building] INFO  o.e.m.c.i.embedder.EclipseLogger - Using 'UTF-8' encoding to copy filtered resources.
2020-08-31 22:48:24,210 [Worker-25: Building] INFO  o.e.m.c.i.embedder.EclipseLogger - skip non existing resourceDirectory /home/jose/Desktop/git/UCWriter/UCWriter/UCWriter/ucwriter.xtext.guimeta.ucdsl.parent/ucwriter.xtext.guimeta.ucdsl/src/test/resources
2020-08-31 22:48:24,325 [Worker-25: Building] INFO  o.e.m.c.i.embedder.EclipseLogger - Using 'UTF-8' encoding to copy filtered resources.
2020-08-31 22:48:24,325 [Worker-25: Building] INFO  o.e.m.c.i.embedder.EclipseLogger - skip non existing resourceDirectory /home/jose/Desktop/git/UCWriter/UCWriter/UCWriter/ucwriter.xtext.guimeta.ucdsl.parent/ucwriter.xtext.guimeta.ucdsl/src/main/resources
2020-08-31 22:48:24,326 [Worker-25: Building] INFO  o.e.m.c.i.embedder.EclipseLogger - Using 'UTF-8' encoding to copy filtered resources.
2020-08-31 22:48:24,326 [Worker-25: Building] INFO  o.e.m.c.i.embedder.EclipseLogger - skip non existing resourceDirectory /home/jose/Desktop/git/UCWriter/UCWriter/UCWriter/ucwriter.xtext.guimeta.ucdsl.parent/ucwriter.xtext.guimeta.ucdsl/src/test/resources
2020-08-31 22:48:34,965 [Worker-26: Building] INFO  o.e.m.c.i.embedder.EclipseLogger - Using 'UTF-8' encoding to copy filtered resources.
2020-08-31 22:48:34,965 [Worker-26: Building] INFO  o.e.m.c.i.embedder.EclipseLogger - skip non existing resourceDirectory /home/jose/Desktop/git/UCWriter/UCWriter/UCWriter/ucwriter.xtext.guimeta.ucdsl.parent/ucwriter.xtext.guimeta.ucdsl/src/main/resources
2020-08-31 22:48:34,966 [Worker-26: Building] INFO  o.e.m.c.i.embedder.EclipseLogger - Using 'UTF-8' encoding to copy filtered resources.
2020-08-31 22:48:34,966 [Worker-26: Building] INFO  o.e.m.c.i.embedder.EclipseLogger - skip non existing resourceDirectory /home/jose/Desktop/git/UCWriter/UCWriter/UCWriter/ucwriter.xtext.guimeta.ucdsl.parent/ucwriter.xtext.guimeta.ucdsl/src/test/resources
2020-08-31 22:48:35,536 [Worker-26: Building] INFO  o.e.m.c.i.embedder.EclipseLogger - Using 'UTF-8' encoding to copy filtered resources.
2020-08-31 22:48:35,536 [Worker-26: Building] INFO  o.e.m.c.i.embedder.EclipseLogger - skip non existing resourceDirectory /home/jose/Desktop/git/UCWriter/UCWriter/UCWriter/ucwriter.xtext.guimeta.ucdsl.parent/ucwriter.xtext.guimeta.ucdsl/src/main/resources
2020-08-31 22:48:35,537 [Worker-26: Building] INFO  o.e.m.c.i.embedder.EclipseLogger - Using 'UTF-8' encoding to copy filtered resources.
2020-08-31 22:48:35,537 [Worker-26: Building] INFO  o.e.m.c.i.embedder.EclipseLogger - skip non existing resourceDirectory /home/jose/Desktop/git/UCWriter/UCWriter/UCWriter/ucwriter.xtext.guimeta.ucdsl.parent/ucwriter.xtext.guimeta.ucdsl/src/test/resources
2020-08-31 22:53:11,968 [Worker-22: Building] INFO  o.e.m.c.i.embedder.EclipseLogger - Using 'UTF-8' encoding to copy filtered resources.
2020-08-31 22:53:11,968 [Worker-22: Building] INFO  o.e.m.c.i.embedder.EclipseLogger - skip non existing resourceDirectory /home/jose/Desktop/git/UCWriter/UCWriter/UCWriter/ucwriter.xtext.guimeta.ucdsl.parent/ucwriter.xtext.guimeta.ucdsl/src/main/resources
2020-08-31 22:53:11,969 [Worker-22: Building] INFO  o.e.m.c.i.embedder.EclipseLogger - Using 'UTF-8' encoding to copy filtered resources.
2020-08-31 22:53:11,969 [Worker-22: Building] INFO  o.e.m.c.i.embedder.EclipseLogger - skip non existing resourceDirectory /home/jose/Desktop/git/UCWriter/UCWriter/UCWriter/ucwriter.xtext.guimeta.ucdsl.parent/ucwriter.xtext.guimeta.ucdsl/src/test/resources
2020-08-31 22:53:12,092 [Worker-22: Building] INFO  o.e.m.c.i.embedder.EclipseLogger - Using 'UTF-8' encoding to copy filtered resources.
2020-08-31 22:53:12,092 [Worker-22: Building] INFO  o.e.m.c.i.embedder.EclipseLogger - skip non existing resourceDirectory /home/jose/Desktop/git/UCWriter/UCWriter/UCWriter/ucwriter.xtext.guimeta.ucdsl.parent/ucwriter.xtext.guimeta.ucdsl/src/main/resources
2020-08-31 22:53:12,093 [Worker-22: Building] INFO  o.e.m.c.i.embedder.EclipseLogger - Using 'UTF-8' encoding to copy filtered resources.
2020-08-31 22:53:12,093 [Worker-22: Building] INFO  o.e.m.c.i.embedder.EclipseLogger - skip non existing resourceDirectory /home/jose/Desktop/git/UCWriter/UCWriter/UCWriter/ucwriter.xtext.guimeta.ucdsl.parent/ucwriter.xtext.guimeta.ucdsl/src/test/resources
2020-08-31 22:54:46,943 [Worker-28: Building] INFO  o.e.m.c.i.embedder.EclipseLogger - Using 'UTF-8' encoding to copy filtered resources.
2020-08-31 22:54:46,944 [Worker-28: Building] INFO  o.e.m.c.i.embedder.EclipseLogger - skip non existing resourceDirectory /home/jose/Desktop/git/UCWriter/UCWriter/UCWriter/ucwriter.xtext.guimeta.ucdsl.parent/ucwriter.xtext.guimeta.ucdsl/src/main/resources
2020-08-31 22:54:46,944 [Worker-28: Building] INFO  o.e.m.c.i.embedder.EclipseLogger - Using 'UTF-8' encoding to copy filtered resources.
2020-08-31 22:54:46,944 [Worker-28: Building] INFO  o.e.m.c.i.embedder.EclipseLogger - skip non existing resourceDirectory /home/jose/Desktop/git/UCWriter/UCWriter/UCWriter/ucwriter.xtext.guimeta.ucdsl.parent/ucwriter.xtext.guimeta.ucdsl/src/test/resources
2020-08-31 22:54:47,503 [Worker-28: Building] INFO  o.e.m.c.i.embedder.EclipseLogger - Using 'UTF-8' encoding to copy filtered resources.
2020-08-31 22:54:47,504 [Worker-28: Building] INFO  o.e.m.c.i.embedder.EclipseLogger - skip non existing resourceDirectory /home/jose/Desktop/git/UCWriter/UCWriter/UCWriter/ucwriter.xtext.guimeta.ucdsl.parent/ucwriter.xtext.guimeta.ucdsl/src/main/resources
2020-08-31 22:54:47,504 [Worker-28: Building] INFO  o.e.m.c.i.embedder.EclipseLogger - Using 'UTF-8' encoding to copy filtered resources.
2020-08-31 22:54:47,504 [Worker-28: Building] INFO  o.e.m.c.i.embedder.EclipseLogger - skip non existing resourceDirectory /home/jose/Desktop/git/UCWriter/UCWriter/UCWriter/ucwriter.xtext.guimeta.ucdsl.parent/ucwriter.xtext.guimeta.ucdsl/src/test/resources
2020-08-31 22:55:37,684 [Worker-32: Building] INFO  o.e.m.c.i.embedder.EclipseLogger - Using 'UTF-8' encoding to copy filtered resources.
2020-08-31 22:55:37,684 [Worker-32: Building] INFO  o.e.m.c.i.embedder.EclipseLogger - skip non existing resourceDirectory /home/jose/Desktop/git/UCWriter/UCWriter/UCWriter/ucwriter.xtext.guimeta.ucdsl.parent/ucwriter.xtext.guimeta.ucdsl/src/main/resources
2020-08-31 22:55:37,686 [Worker-32: Building] INFO  o.e.m.c.i.embedder.EclipseLogger - Using 'UTF-8' encoding to copy filtered resources.
2020-08-31 22:55:37,687 [Worker-32: Building] INFO  o.e.m.c.i.embedder.EclipseLogger - skip non existing resourceDirectory /home/jose/Desktop/git/UCWriter/UCWriter/UCWriter/ucwriter.xtext.guimeta.ucdsl.parent/ucwriter.xtext.guimeta.ucdsl/src/test/resources
2020-08-31 22:55:51,223 [Worker-32: Building] INFO  o.e.m.c.i.embedder.EclipseLogger - Using 'UTF-8' encoding to copy filtered resources.
2020-08-31 22:55:51,224 [Worker-32: Building] INFO  o.e.m.c.i.embedder.EclipseLogger - skip non existing resourceDirectory /home/jose/Desktop/git/UCWriter/UCWriter/UCWriter/ucwriter.xtext.guimeta.ucdsl.parent/ucwriter.xtext.guimeta.ucdsl/src/main/resources
2020-08-31 22:55:51,224 [Worker-32: Building] INFO  o.e.m.c.i.embedder.EclipseLogger - Using 'UTF-8' encoding to copy filtered resources.
2020-08-31 22:55:51,224 [Worker-32: Building] INFO  o.e.m.c.i.embedder.EclipseLogger - skip non existing resourceDirectory /home/jose/Desktop/git/UCWriter/UCWriter/UCWriter/ucwriter.xtext.guimeta.ucdsl.parent/ucwriter.xtext.guimeta.ucdsl/src/test/resources
2020-08-31 22:55:51,806 [Worker-32: Building] INFO  o.e.m.c.i.embedder.EclipseLogger - Using 'UTF-8' encoding to copy filtered resources.
2020-08-31 22:55:51,806 [Worker-32: Building] INFO  o.e.m.c.i.embedder.EclipseLogger - skip non existing resourceDirectory /home/jose/Desktop/git/UCWriter/UCWriter/UCWriter/ucwriter.xtext.guimeta.ucdsl.parent/ucwriter.xtext.guimeta.ucdsl/src/main/resources
2020-08-31 22:55:51,808 [Worker-32: Building] INFO  o.e.m.c.i.embedder.EclipseLogger - Using 'UTF-8' encoding to copy filtered resources.
2020-08-31 22:55:51,808 [Worker-32: Building] INFO  o.e.m.c.i.embedder.EclipseLogger - skip non existing resourceDirectory /home/jose/Desktop/git/UCWriter/UCWriter/UCWriter/ucwriter.xtext.guimeta.ucdsl.parent/ucwriter.xtext.guimeta.ucdsl/src/test/resources
2020-09-01 00:05:13,925 [Worker-35: Building] INFO  o.e.m.c.i.embedder.EclipseLogger - Using 'UTF-8' encoding to copy filtered resources.
2020-09-01 00:05:13,926 [Worker-35: Building] INFO  o.e.m.c.i.embedder.EclipseLogger - skip non existing resourceDirectory /home/jose/Desktop/git/UCWriter/UCWriter/UCWriter/ucwriter.xtext.guimeta.ucdsl.parent/ucwriter.xtext.guimeta.ucdsl/src/main/resources
2020-09-01 00:05:13,928 [Worker-35: Building] INFO  o.e.m.c.i.embedder.EclipseLogger - Using 'UTF-8' encoding to copy filtered resources.
2020-09-01 00:05:13,928 [Worker-35: Building] INFO  o.e.m.c.i.embedder.EclipseLogger - skip non existing resourceDirectory /home/jose/Desktop/git/UCWriter/UCWriter/UCWriter/ucwriter.xtext.guimeta.ucdsl.parent/ucwriter.xtext.guimeta.ucdsl/src/test/resources
2020-09-01 00:10:14,040 [Worker-34: Building] INFO  o.e.m.c.i.embedder.EclipseLogger - Using 'UTF-8' encoding to copy filtered resources.
2020-09-01 00:10:14,040 [Worker-34: Building] INFO  o.e.m.c.i.embedder.EclipseLogger - skip non existing resourceDirectory /home/jose/Desktop/git/UCWriter/UCWriter/UCWriter/ucwriter.xtext.guimeta.ucdsl.parent/ucwriter.xtext.guimeta.ucdsl/src/main/resources
2020-09-01 00:10:14,042 [Worker-34: Building] INFO  o.e.m.c.i.embedder.EclipseLogger - Using 'UTF-8' encoding to copy filtered resources.
2020-09-01 00:10:14,042 [Worker-34: Building] INFO  o.e.m.c.i.embedder.EclipseLogger - skip non existing resourceDirectory /home/jose/Desktop/git/UCWriter/UCWriter/UCWriter/ucwriter.xtext.guimeta.ucdsl.parent/ucwriter.xtext.guimeta.ucdsl/src/test/resources
2020-09-01 00:12:52,810 [Worker-38: Building] INFO  o.e.m.c.i.embedder.EclipseLogger - Using 'UTF-8' encoding to copy filtered resources.
2020-09-01 00:12:52,810 [Worker-38: Building] INFO  o.e.m.c.i.embedder.EclipseLogger - skip non existing resourceDirectory /home/jose/Desktop/git/UCWriter/UCWriter/UCWriter/ucwriter.xtext.guimeta.ucdsl.parent/ucwriter.xtext.guimeta.ucdsl/src/main/resources
2020-09-01 00:12:52,812 [Worker-38: Building] INFO  o.e.m.c.i.embedder.EclipseLogger - Using 'UTF-8' encoding to copy filtered resources.
2020-09-01 00:12:52,812 [Worker-38: Building] INFO  o.e.m.c.i.embedder.EclipseLogger - skip non existing resourceDirectory /home/jose/Desktop/git/UCWriter/UCWriter/UCWriter/ucwriter.xtext.guimeta.ucdsl.parent/ucwriter.xtext.guimeta.ucdsl/src/test/resources
2020-09-01 00:12:59,292 [Worker-33: Launching GenerateUCdsl.mwe2] INFO  o.e.m.c.i.embedder.EclipseLogger - Using 'UTF-8' encoding to copy filtered resources.
2020-09-01 00:12:59,292 [Worker-33: Launching GenerateUCdsl.mwe2] INFO  o.e.m.c.i.embedder.EclipseLogger - skip non existing resourceDirectory /home/jose/Desktop/git/UCWriter/UCWriter/UCWriter/ucwriter.xtext.guimeta.ucdsl.parent/ucwriter.xtext.guimeta.ucdsl/src/main/resources
2020-09-01 00:12:59,292 [Worker-33: Launching GenerateUCdsl.mwe2] INFO  o.e.m.c.i.embedder.EclipseLogger - Using 'UTF-8' encoding to copy filtered resources.
2020-09-01 00:12:59,292 [Worker-33: Launching GenerateUCdsl.mwe2] INFO  o.e.m.c.i.embedder.EclipseLogger - skip non existing resourceDirectory /home/jose/Desktop/git/UCWriter/UCWriter/UCWriter/ucwriter.xtext.guimeta.ucdsl.parent/ucwriter.xtext.guimeta.ucdsl/src/test/resources
2020-09-01 00:13:05,625 [Worker-33: Building] INFO  o.e.m.c.i.embedder.EclipseLogger - Using 'UTF-8' encoding to copy filtered resources.
2020-09-01 00:13:05,625 [Worker-33: Building] INFO  o.e.m.c.i.embedder.EclipseLogger - skip non existing resourceDirectory /home/jose/Desktop/git/UCWriter/UCWriter/UCWriter/ucwriter.xtext.guimeta.ucdsl.parent/ucwriter.xtext.guimeta.ucdsl/src/main/resources
2020-09-01 00:13:05,626 [Worker-33: Building] INFO  o.e.m.c.i.embedder.EclipseLogger - Using 'UTF-8' encoding to copy filtered resources.
2020-09-01 00:13:05,626 [Worker-33: Building] INFO  o.e.m.c.i.embedder.EclipseLogger - skip non existing resourceDirectory /home/jose/Desktop/git/UCWriter/UCWriter/UCWriter/ucwriter.xtext.guimeta.ucdsl.parent/ucwriter.xtext.guimeta.ucdsl/src/test/resources
2020-09-01 00:13:06,066 [Worker-33: Building] INFO  o.e.m.c.i.embedder.EclipseLogger - Using 'UTF-8' encoding to copy filtered resources.
2020-09-01 00:13:06,066 [Worker-33: Building] INFO  o.e.m.c.i.embedder.EclipseLogger - skip non existing resourceDirectory /home/jose/Desktop/git/UCWriter/UCWriter/UCWriter/ucwriter.xtext.guimeta.ucdsl.parent/ucwriter.xtext.guimeta.ucdsl.ide/src/main/resources
2020-09-01 00:13:06,067 [Worker-33: Building] INFO  o.e.m.c.i.embedder.EclipseLogger - Using 'UTF-8' encoding to copy filtered resources.
2020-09-01 00:13:06,067 [Worker-33: Building] INFO  o.e.m.c.i.embedder.EclipseLogger - skip non existing resourceDirectory /home/jose/Desktop/git/UCWriter/UCWriter/UCWriter/ucwriter.xtext.guimeta.ucdsl.parent/ucwriter.xtext.guimeta.ucdsl.ide/src/test/resources
2020-09-01 00:13:06,265 [Worker-33: Building] INFO  o.e.m.c.i.embedder.EclipseLogger - Using 'UTF-8' encoding to copy filtered resources.
2020-09-01 00:13:06,265 [Worker-33: Building] INFO  o.e.m.c.i.embedder.EclipseLogger - skip non existing resourceDirectory /home/jose/Desktop/git/UCWriter/UCWriter/UCWriter/ucwriter.xtext.guimeta.ucdsl.parent/ucwriter.xtext.guimeta.ucdsl.tests/src/main/resources
2020-09-01 00:13:06,266 [Worker-33: Building] INFO  o.e.m.c.i.embedder.EclipseLogger - Using 'UTF-8' encoding to copy filtered resources.
2020-09-01 00:13:06,266 [Worker-33: Building] INFO  o.e.m.c.i.embedder.EclipseLogger - skip non existing resourceDirectory /home/jose/Desktop/git/UCWriter/UCWriter/UCWriter/ucwriter.xtext.guimeta.ucdsl.parent/ucwriter.xtext.guimeta.ucdsl.tests/src/test/resources
2020-09-01 00:13:06,297 [Worker-33: Building] INFO  o.e.m.c.i.embedder.EclipseLogger - Using 'UTF-8' encoding to copy filtered resources.
2020-09-01 00:13:06,298 [Worker-33: Building] INFO  o.e.m.c.i.embedder.EclipseLogger - skip non existing resourceDirectory /home/jose/Desktop/git/UCWriter/UCWriter/UCWriter/ucwriter.xtext.guimeta.ucdsl.parent/ucwriter.xtext.guimeta.ucdsl.ui/src/main/resources
2020-09-01 00:13:06,298 [Worker-33: Building] INFO  o.e.m.c.i.embedder.EclipseLogger - Using 'UTF-8' encoding to copy filtered resources.
2020-09-01 00:13:06,298 [Worker-33: Building] INFO  o.e.m.c.i.embedder.EclipseLogger - skip non existing resourceDirectory /home/jose/Desktop/git/UCWriter/UCWriter/UCWriter/ucwriter.xtext.guimeta.ucdsl.parent/ucwriter.xtext.guimeta.ucdsl.ui/src/test/resources
2020-09-01 00:13:06,416 [Worker-33: Building] INFO  o.e.m.c.i.embedder.EclipseLogger - Using 'UTF-8' encoding to copy filtered resources.
2020-09-01 00:13:06,416 [Worker-33: Building] INFO  o.e.m.c.i.embedder.EclipseLogger - skip non existing resourceDirectory /home/jose/Desktop/git/UCWriter/UCWriter/UCWriter/ucwriter.xtext.guimeta.ucdsl.parent/ucwriter.xtext.guimeta.ucdsl.ui.tests/src/main/resources
2020-09-01 00:13:06,417 [Worker-33: Building] INFO  o.e.m.c.i.embedder.EclipseLogger - Using 'UTF-8' encoding to copy filtered resources.
2020-09-01 00:13:06,417 [Worker-33: Building] INFO  o.e.m.c.i.embedder.EclipseLogger - skip non existing resourceDirectory /home/jose/Desktop/git/UCWriter/UCWriter/UCWriter/ucwriter.xtext.guimeta.ucdsl.parent/ucwriter.xtext.guimeta.ucdsl.ui.tests/src/test/resources
2020-09-01 00:13:06,520 [Worker-33: Building] INFO  o.e.m.c.i.p.WorkspaceClassifierResolverManager - Resolving P/ucwriter.xtext.guimeta.ucdsl: ucwriter.xtext.guimeta.ucdsl:ucwriter.xtext.guimeta.ucdsl:1.0.0-SNAPSHOT with classifier  to /ucwriter.xtext.guimeta.ucdsl/target/classes
2020-09-01 00:13:06,520 [Worker-33: Building] INFO  o.e.m.c.i.p.WorkspaceClassifierResolverManager - Resolving P/ucwriter.xtext.guimeta.ucdsl.ide: ucwriter.xtext.guimeta.ucdsl:ucwriter.xtext.guimeta.ucdsl.ide:1.0.0-SNAPSHOT with classifier  to /ucwriter.xtext.guimeta.ucdsl.ide/target/classes
2020-09-01 00:13:06,590 [Worker-33: Building] INFO  o.e.m.c.i.embedder.EclipseLogger - Using 'UTF-8' encoding to copy filtered resources.
2020-09-01 00:13:06,592 [Worker-33: Building] INFO  o.e.m.c.i.embedder.EclipseLogger - Copying 0 resource
2020-09-01 00:13:06,593 [Worker-33: Building] INFO  o.e.m.c.i.embedder.EclipseLogger - Using 'UTF-8' encoding to copy filtered resources.
2020-09-01 00:13:06,594 [Worker-33: Building] INFO  o.e.m.c.i.embedder.EclipseLogger - skip non existing resourceDirectory /home/jose/Desktop/git/UCWriter/UCWriter/UCWriter/ucwriter.xtext.guimeta.ucdsl.parent/ucwriter.xtext.guimeta.ucdsl.web/src/test/resources
2020-09-01 00:13:06,615 [Worker-33: Building] INFO  o.e.m.c.i.embedder.EclipseLogger - Using 'UTF-8' encoding to copy filtered resources.
2020-09-01 00:13:06,615 [Worker-33: Building] INFO  o.e.m.c.i.embedder.EclipseLogger - skip non existing resourceDirectory /home/jose/Desktop/git/UCWriter/UCWriter/UCWriter/ucwriter.xtext.guimeta.ucdsl.parent/ucwriter.xtext.guimeta.ucdsl/src/main/resources
2020-09-01 00:13:06,615 [Worker-33: Building] INFO  o.e.m.c.i.embedder.EclipseLogger - Using 'UTF-8' encoding to copy filtered resources.
2020-09-01 00:13:06,616 [Worker-33: Building] INFO  o.e.m.c.i.embedder.EclipseLogger - skip non existing resourceDirectory /home/jose/Desktop/git/UCWriter/UCWriter/UCWriter/ucwriter.xtext.guimeta.ucdsl.parent/ucwriter.xtext.guimeta.ucdsl/src/test/resources
2020-09-01 00:13:06,624 [Worker-33: Building] INFO  o.e.m.c.i.embedder.EclipseLogger - Using 'UTF-8' encoding to copy filtered resources.
2020-09-01 00:13:06,624 [Worker-33: Building] INFO  o.e.m.c.i.embedder.EclipseLogger - skip non existing resourceDirectory /home/jose/Desktop/git/UCWriter/UCWriter/UCWriter/ucwriter.xtext.guimeta.ucdsl.parent/ucwriter.xtext.guimeta.ucdsl.ide/src/main/resources
2020-09-01 00:13:06,625 [Worker-33: Building] INFO  o.e.m.c.i.embedder.EclipseLogger - Using 'UTF-8' encoding to copy filtered resources.
2020-09-01 00:13:06,625 [Worker-33: Building] INFO  o.e.m.c.i.embedder.EclipseLogger - skip non existing resourceDirectory /home/jose/Desktop/git/UCWriter/UCWriter/UCWriter/ucwriter.xtext.guimeta.ucdsl.parent/ucwriter.xtext.guimeta.ucdsl.ide/src/test/resources
2020-09-01 00:13:06,638 [Worker-33: Building] INFO  o.e.m.c.i.embedder.EclipseLogger - Using 'UTF-8' encoding to copy filtered resources.
2020-09-01 00:13:06,638 [Worker-33: Building] INFO  o.e.m.c.i.embedder.EclipseLogger - skip non existing resourceDirectory /home/jose/Desktop/git/UCWriter/UCWriter/UCWriter/ucwriter.xtext.guimeta.ucdsl.parent/ucwriter.xtext.guimeta.ucdsl.tests/src/main/resources
2020-09-01 00:13:06,638 [Worker-33: Building] INFO  o.e.m.c.i.embedder.EclipseLogger - Using 'UTF-8' encoding to copy filtered resources.
2020-09-01 00:13:06,638 [Worker-33: Building] INFO  o.e.m.c.i.embedder.EclipseLogger - skip non existing resourceDirectory /home/jose/Desktop/git/UCWriter/UCWriter/UCWriter/ucwriter.xtext.guimeta.ucdsl.parent/ucwriter.xtext.guimeta.ucdsl.tests/src/test/resources
2020-09-01 00:13:06,647 [Worker-33: Building] INFO  o.e.m.c.i.embedder.EclipseLogger - Using 'UTF-8' encoding to copy filtered resources.
2020-09-01 00:13:06,647 [Worker-33: Building] INFO  o.e.m.c.i.embedder.EclipseLogger - skip non existing resourceDirectory /home/jose/Desktop/git/UCWriter/UCWriter/UCWriter/ucwriter.xtext.guimeta.ucdsl.parent/ucwriter.xtext.guimeta.ucdsl.ui/src/main/resources
2020-09-01 00:13:06,648 [Worker-33: Building] INFO  o.e.m.c.i.embedder.EclipseLogger - Using 'UTF-8' encoding to copy filtered resources.
2020-09-01 00:13:06,648 [Worker-33: Building] INFO  o.e.m.c.i.embedder.EclipseLogger - skip non existing resourceDirectory /home/jose/Desktop/git/UCWriter/UCWriter/UCWriter/ucwriter.xtext.guimeta.ucdsl.parent/ucwriter.xtext.guimeta.ucdsl.ui/src/test/resources
2020-09-01 00:13:06,656 [Worker-33: Building] INFO  o.e.m.c.i.embedder.EclipseLogger - Using 'UTF-8' encoding to copy filtered resources.
2020-09-01 00:13:06,656 [Worker-33: Building] INFO  o.e.m.c.i.embedder.EclipseLogger - skip non existing resourceDirectory /home/jose/Desktop/git/UCWriter/UCWriter/UCWriter/ucwriter.xtext.guimeta.ucdsl.parent/ucwriter.xtext.guimeta.ucdsl.ui.tests/src/main/resources
2020-09-01 00:13:06,657 [Worker-33: Building] INFO  o.e.m.c.i.embedder.EclipseLogger - Using 'UTF-8' encoding to copy filtered resources.
2020-09-01 00:13:06,657 [Worker-33: Building] INFO  o.e.m.c.i.embedder.EclipseLogger - skip non existing resourceDirectory /home/jose/Desktop/git/UCWriter/UCWriter/UCWriter/ucwriter.xtext.guimeta.ucdsl.parent/ucwriter.xtext.guimeta.ucdsl.ui.tests/src/test/resources
2020-09-01 00:13:06,714 [Worker-33: Building] INFO  o.e.m.c.i.p.WorkspaceClassifierResolverManager - Resolving P/ucwriter.xtext.guimeta.ucdsl: ucwriter.xtext.guimeta.ucdsl:ucwriter.xtext.guimeta.ucdsl:1.0.0-SNAPSHOT with classifier  to /ucwriter.xtext.guimeta.ucdsl/target/classes
2020-09-01 00:13:06,715 [Worker-33: Building] INFO  o.e.m.c.i.p.WorkspaceClassifierResolverManager - Resolving P/ucwriter.xtext.guimeta.ucdsl.ide: ucwriter.xtext.guimeta.ucdsl:ucwriter.xtext.guimeta.ucdsl.ide:1.0.0-SNAPSHOT with classifier  to /ucwriter.xtext.guimeta.ucdsl.ide/target/classes
2020-09-01 00:13:06,775 [Worker-33: Building] INFO  o.e.m.c.i.embedder.EclipseLogger - Using 'UTF-8' encoding to copy filtered resources.
2020-09-01 00:13:06,776 [Worker-33: Building] INFO  o.e.m.c.i.embedder.EclipseLogger - Copying 0 resource
2020-09-01 00:13:06,777 [Worker-33: Building] INFO  o.e.m.c.i.embedder.EclipseLogger - Using 'UTF-8' encoding to copy filtered resources.
2020-09-01 00:13:06,778 [Worker-33: Building] INFO  o.e.m.c.i.embedder.EclipseLogger - skip non existing resourceDirectory /home/jose/Desktop/git/UCWriter/UCWriter/UCWriter/ucwriter.xtext.guimeta.ucdsl.parent/ucwriter.xtext.guimeta.ucdsl.web/src/test/resources
2020-09-01 00:21:08,571 [Worker-39: Building] INFO  o.e.m.c.i.embedder.EclipseLogger - Using 'UTF-8' encoding to copy filtered resources.
2020-09-01 00:21:08,571 [Worker-39: Building] INFO  o.e.m.c.i.embedder.EclipseLogger - skip non existing resourceDirectory /home/jose/Desktop/git/UCWriter/UCWriter/UCWriter/ucwriter.xtext.guimeta.ucdsl.parent/ucwriter.xtext.guimeta.ucdsl/src/main/resources
2020-09-01 00:21:08,572 [Worker-39: Building] INFO  o.e.m.c.i.embedder.EclipseLogger - Using 'UTF-8' encoding to copy filtered resources.
2020-09-01 00:21:08,572 [Worker-39: Building] INFO  o.e.m.c.i.embedder.EclipseLogger - skip non existing resourceDirectory /home/jose/Desktop/git/UCWriter/UCWriter/UCWriter/ucwriter.xtext.guimeta.ucdsl.parent/ucwriter.xtext.guimeta.ucdsl/src/test/resources
2020-09-01 00:21:08,872 [Worker-39: Building] INFO  o.e.m.c.i.embedder.EclipseLogger - Using 'UTF-8' encoding to copy filtered resources.
2020-09-01 00:21:08,872 [Worker-39: Building] INFO  o.e.m.c.i.embedder.EclipseLogger - skip non existing resourceDirectory /home/jose/Desktop/git/UCWriter/UCWriter/UCWriter/ucwriter.xtext.guimeta.ucdsl.parent/ucwriter.xtext.guimeta.ucdsl.ide/src/main/resources
2020-09-01 00:21:08,873 [Worker-39: Building] INFO  o.e.m.c.i.embedder.EclipseLogger - Using 'UTF-8' encoding to copy filtered resources.
2020-09-01 00:21:08,873 [Worker-39: Building] INFO  o.e.m.c.i.embedder.EclipseLogger - skip non existing resourceDirectory /home/jose/Desktop/git/UCWriter/UCWriter/UCWriter/ucwriter.xtext.guimeta.ucdsl.parent/ucwriter.xtext.guimeta.ucdsl.ide/src/test/resources
2020-09-01 00:21:09,048 [Worker-39: Building] INFO  o.e.m.c.i.embedder.EclipseLogger - Using 'UTF-8' encoding to copy filtered resources.
2020-09-01 00:21:09,048 [Worker-39: Building] INFO  o.e.m.c.i.embedder.EclipseLogger - skip non existing resourceDirectory /home/jose/Desktop/git/UCWriter/UCWriter/UCWriter/ucwriter.xtext.guimeta.ucdsl.parent/ucwriter.xtext.guimeta.ucdsl.tests/src/main/resources
2020-09-01 00:21:09,049 [Worker-39: Building] INFO  o.e.m.c.i.embedder.EclipseLogger - Using 'UTF-8' encoding to copy filtered resources.
2020-09-01 00:21:09,049 [Worker-39: Building] INFO  o.e.m.c.i.embedder.EclipseLogger - skip non existing resourceDirectory /home/jose/Desktop/git/UCWriter/UCWriter/UCWriter/ucwriter.xtext.guimeta.ucdsl.parent/ucwriter.xtext.guimeta.ucdsl.tests/src/test/resources
2020-09-01 00:21:09,077 [Worker-39: Building] INFO  o.e.m.c.i.embedder.EclipseLogger - Using 'UTF-8' encoding to copy filtered resources.
2020-09-01 00:21:09,077 [Worker-39: Building] INFO  o.e.m.c.i.embedder.EclipseLogger - skip non existing resourceDirectory /home/jose/Desktop/git/UCWriter/UCWriter/UCWriter/ucwriter.xtext.guimeta.ucdsl.parent/ucwriter.xtext.guimeta.ucdsl.ui/src/main/resources
2020-09-01 00:21:09,078 [Worker-39: Building] INFO  o.e.m.c.i.embedder.EclipseLogger - Using 'UTF-8' encoding to copy filtered resources.
2020-09-01 00:21:09,078 [Worker-39: Building] INFO  o.e.m.c.i.embedder.EclipseLogger - skip non existing resourceDirectory /home/jose/Desktop/git/UCWriter/UCWriter/UCWriter/ucwriter.xtext.guimeta.ucdsl.parent/ucwriter.xtext.guimeta.ucdsl.ui/src/test/resources
2020-09-01 00:21:09,168 [Worker-39: Building] INFO  o.e.m.c.i.embedder.EclipseLogger - Using 'UTF-8' encoding to copy filtered resources.
2020-09-01 00:21:09,168 [Worker-39: Building] INFO  o.e.m.c.i.embedder.EclipseLogger - skip non existing resourceDirectory /home/jose/Desktop/git/UCWriter/UCWriter/UCWriter/ucwriter.xtext.guimeta.ucdsl.parent/ucwriter.xtext.guimeta.ucdsl.ui.tests/src/main/resources
2020-09-01 00:21:09,169 [Worker-39: Building] INFO  o.e.m.c.i.embedder.EclipseLogger - Using 'UTF-8' encoding to copy filtered resources.
2020-09-01 00:21:09,169 [Worker-39: Building] INFO  o.e.m.c.i.embedder.EclipseLogger - skip non existing resourceDirectory /home/jose/Desktop/git/UCWriter/UCWriter/UCWriter/ucwriter.xtext.guimeta.ucdsl.parent/ucwriter.xtext.guimeta.ucdsl.ui.tests/src/test/resources
2020-09-01 00:21:09,307 [Worker-39: Building] INFO  o.e.m.c.i.p.WorkspaceClassifierResolverManager - Resolving P/ucwriter.xtext.guimeta.ucdsl: ucwriter.xtext.guimeta.ucdsl:ucwriter.xtext.guimeta.ucdsl:1.0.0-SNAPSHOT with classifier  to /ucwriter.xtext.guimeta.ucdsl/target/classes
2020-09-01 00:21:09,307 [Worker-39: Building] INFO  o.e.m.c.i.p.WorkspaceClassifierResolverManager - Resolving P/ucwriter.xtext.guimeta.ucdsl.ide: ucwriter.xtext.guimeta.ucdsl:ucwriter.xtext.guimeta.ucdsl.ide:1.0.0-SNAPSHOT with classifier  to /ucwriter.xtext.guimeta.ucdsl.ide/target/classes
2020-09-01 00:21:09,382 [Worker-39: Building] INFO  o.e.m.c.i.embedder.EclipseLogger - Using 'UTF-8' encoding to copy filtered resources.
2020-09-01 00:21:09,383 [Worker-39: Building] INFO  o.e.m.c.i.embedder.EclipseLogger - Copying 0 resource
2020-09-01 00:21:09,384 [Worker-39: Building] INFO  o.e.m.c.i.embedder.EclipseLogger - Using 'UTF-8' encoding to copy filtered resources.
2020-09-01 00:21:09,384 [Worker-39: Building] INFO  o.e.m.c.i.embedder.EclipseLogger - skip non existing resourceDirectory /home/jose/Desktop/git/UCWriter/UCWriter/UCWriter/ucwriter.xtext.guimeta.ucdsl.parent/ucwriter.xtext.guimeta.ucdsl.web/src/test/resources
2020-09-01 00:21:09,410 [Worker-39: Building] INFO  o.e.m.c.i.embedder.EclipseLogger - Using 'UTF-8' encoding to copy filtered resources.
2020-09-01 00:21:09,410 [Worker-39: Building] INFO  o.e.m.c.i.embedder.EclipseLogger - skip non existing resourceDirectory /home/jose/Desktop/git/UCWriter/UCWriter/UCWriter/ucwriter.xtext.guimeta.ucdsl.parent/ucwriter.xtext.guimeta.ucdsl/src/main/resources
2020-09-01 00:21:09,411 [Worker-39: Building] INFO  o.e.m.c.i.embedder.EclipseLogger - Using 'UTF-8' encoding to copy filtered resources.
2020-09-01 00:21:09,411 [Worker-39: Building] INFO  o.e.m.c.i.embedder.EclipseLogger - skip non existing resourceDirectory /home/jose/Desktop/git/UCWriter/UCWriter/UCWriter/ucwriter.xtext.guimeta.ucdsl.parent/ucwriter.xtext.guimeta.ucdsl/src/test/resources
2020-09-01 00:21:09,422 [Worker-39: Building] INFO  o.e.m.c.i.embedder.EclipseLogger - Using 'UTF-8' encoding to copy filtered resources.
2020-09-01 00:21:09,422 [Worker-39: Building] INFO  o.e.m.c.i.embedder.EclipseLogger - skip non existing resourceDirectory /home/jose/Desktop/git/UCWriter/UCWriter/UCWriter/ucwriter.xtext.guimeta.ucdsl.parent/ucwriter.xtext.guimeta.ucdsl.ide/src/main/resources
2020-09-01 00:21:09,422 [Worker-39: Building] INFO  o.e.m.c.i.embedder.EclipseLogger - Using 'UTF-8' encoding to copy filtered resources.
2020-09-01 00:21:09,422 [Worker-39: Building] INFO  o.e.m.c.i.embedder.EclipseLogger - skip non existing resourceDirectory /home/jose/Desktop/git/UCWriter/UCWriter/UCWriter/ucwriter.xtext.guimeta.ucdsl.parent/ucwriter.xtext.guimeta.ucdsl.ide/src/test/resources
2020-09-01 00:21:09,438 [Worker-39: Building] INFO  o.e.m.c.i.embedder.EclipseLogger - Using 'UTF-8' encoding to copy filtered resources.
2020-09-01 00:21:09,438 [Worker-39: Building] INFO  o.e.m.c.i.embedder.EclipseLogger - skip non existing resourceDirectory /home/jose/Desktop/git/UCWriter/UCWriter/UCWriter/ucwriter.xtext.guimeta.ucdsl.parent/ucwriter.xtext.guimeta.ucdsl.tests/src/main/resources
2020-09-01 00:21:09,438 [Worker-39: Building] INFO  o.e.m.c.i.embedder.EclipseLogger - Using 'UTF-8' encoding to copy filtered resources.
2020-09-01 00:21:09,439 [Worker-39: Building] INFO  o.e.m.c.i.embedder.EclipseLogger - skip non existing resourceDirectory /home/jose/Desktop/git/UCWriter/UCWriter/UCWriter/ucwriter.xtext.guimeta.ucdsl.parent/ucwriter.xtext.guimeta.ucdsl.tests/src/test/resources
2020-09-01 00:21:09,450 [Worker-39: Building] INFO  o.e.m.c.i.embedder.EclipseLogger - Using 'UTF-8' encoding to copy filtered resources.
2020-09-01 00:21:09,450 [Worker-39: Building] INFO  o.e.m.c.i.embedder.EclipseLogger - skip non existing resourceDirectory /home/jose/Desktop/git/UCWriter/UCWriter/UCWriter/ucwriter.xtext.guimeta.ucdsl.parent/ucwriter.xtext.guimeta.ucdsl.ui/src/main/resources
2020-09-01 00:21:09,451 [Worker-39: Building] INFO  o.e.m.c.i.embedder.EclipseLogger - Using 'UTF-8' encoding to copy filtered resources.
2020-09-01 00:21:09,451 [Worker-39: Building] INFO  o.e.m.c.i.embedder.EclipseLogger - skip non existing resourceDirectory /home/jose/Desktop/git/UCWriter/UCWriter/UCWriter/ucwriter.xtext.guimeta.ucdsl.parent/ucwriter.xtext.guimeta.ucdsl.ui/src/test/resources
2020-09-01 00:21:09,462 [Worker-39: Building] INFO  o.e.m.c.i.embedder.EclipseLogger - Using 'UTF-8' encoding to copy filtered resources.
2020-09-01 00:21:09,462 [Worker-39: Building] INFO  o.e.m.c.i.embedder.EclipseLogger - skip non existing resourceDirectory /home/jose/Desktop/git/UCWriter/UCWriter/UCWriter/ucwriter.xtext.guimeta.ucdsl.parent/ucwriter.xtext.guimeta.ucdsl.ui.tests/src/main/resources
2020-09-01 00:21:09,462 [Worker-39: Building] INFO  o.e.m.c.i.embedder.EclipseLogger - Using 'UTF-8' encoding to copy filtered resources.
2020-09-01 00:21:09,462 [Worker-39: Building] INFO  o.e.m.c.i.embedder.EclipseLogger - skip non existing resourceDirectory /home/jose/Desktop/git/UCWriter/UCWriter/UCWriter/ucwriter.xtext.guimeta.ucdsl.parent/ucwriter.xtext.guimeta.ucdsl.ui.tests/src/test/resources
2020-09-01 00:21:09,532 [Worker-39: Building] INFO  o.e.m.c.i.p.WorkspaceClassifierResolverManager - Resolving P/ucwriter.xtext.guimeta.ucdsl: ucwriter.xtext.guimeta.ucdsl:ucwriter.xtext.guimeta.ucdsl:1.0.0-SNAPSHOT with classifier  to /ucwriter.xtext.guimeta.ucdsl/target/classes
2020-09-01 00:21:09,533 [Worker-39: Building] INFO  o.e.m.c.i.p.WorkspaceClassifierResolverManager - Resolving P/ucwriter.xtext.guimeta.ucdsl.ide: ucwriter.xtext.guimeta.ucdsl:ucwriter.xtext.guimeta.ucdsl.ide:1.0.0-SNAPSHOT with classifier  to /ucwriter.xtext.guimeta.ucdsl.ide/target/classes
2020-09-01 00:21:09,600 [Worker-39: Building] INFO  o.e.m.c.i.embedder.EclipseLogger - Using 'UTF-8' encoding to copy filtered resources.
2020-09-01 00:21:09,601 [Worker-39: Building] INFO  o.e.m.c.i.embedder.EclipseLogger - Copying 0 resource
2020-09-01 00:21:09,603 [Worker-39: Building] INFO  o.e.m.c.i.embedder.EclipseLogger - Using 'UTF-8' encoding to copy filtered resources.
2020-09-01 00:21:09,603 [Worker-39: Building] INFO  o.e.m.c.i.embedder.EclipseLogger - skip non existing resourceDirectory /home/jose/Desktop/git/UCWriter/UCWriter/UCWriter/ucwriter.xtext.guimeta.ucdsl.parent/ucwriter.xtext.guimeta.ucdsl.web/src/test/resources
2020-09-01 00:21:27,041 [main] INFO  o.e.m2e.actions.ExecutePomAction - Creating new launch configuration
2020-09-01 00:22:03,255 [Worker-42: Launching ServerLauncher] INFO  o.e.m.c.i.p.WorkspaceClassifierResolverManager - Resolving P/ucwriter.xtext.guimeta.ucdsl: ucwriter.xtext.guimeta.ucdsl:ucwriter.xtext.guimeta.ucdsl:1.0.0-SNAPSHOT with classifier null to /ucwriter.xtext.guimeta.ucdsl/target/classes
2020-09-01 00:22:03,256 [Worker-42: Launching ServerLauncher] INFO  o.e.m.c.i.p.WorkspaceClassifierResolverManager - Resolving P/ucwriter.xtext.guimeta.ucdsl.ide: ucwriter.xtext.guimeta.ucdsl:ucwriter.xtext.guimeta.ucdsl.ide:1.0.0-SNAPSHOT with classifier null to /ucwriter.xtext.guimeta.ucdsl.ide/target/classes
2020-09-01 00:22:03,416 [Worker-42: Launching ServerLauncher] INFO  o.e.m.c.i.p.WorkspaceClassifierResolverManager - Resolving P/ucwriter.xtext.guimeta.ucdsl: ucwriter.xtext.guimeta.ucdsl:ucwriter.xtext.guimeta.ucdsl:1.0.0-SNAPSHOT with classifier null to /ucwriter.xtext.guimeta.ucdsl/target/classes
2020-09-01 00:22:03,416 [Worker-42: Launching ServerLauncher] INFO  o.e.m.c.i.p.WorkspaceClassifierResolverManager - Resolving P/ucwriter.xtext.guimeta.ucdsl.ide: ucwriter.xtext.guimeta.ucdsl:ucwriter.xtext.guimeta.ucdsl.ide:1.0.0-SNAPSHOT with classifier null to /ucwriter.xtext.guimeta.ucdsl.ide/target/classes
2020-09-01 00:22:03,547 [Worker-42: Launching ServerLauncher] INFO  o.e.m.c.i.p.WorkspaceClassifierResolverManager - Resolving P/ucwriter.xtext.guimeta.ucdsl: ucwriter.xtext.guimeta.ucdsl:ucwriter.xtext.guimeta.ucdsl:1.0.0-SNAPSHOT with classifier null to /ucwriter.xtext.guimeta.ucdsl/target/classes
2020-09-01 00:22:03,548 [Worker-42: Launching ServerLauncher] INFO  o.e.m.c.i.p.WorkspaceClassifierResolverManager - Resolving P/ucwriter.xtext.guimeta.ucdsl.ide: ucwriter.xtext.guimeta.ucdsl:ucwriter.xtext.guimeta.ucdsl.ide:1.0.0-SNAPSHOT with classifier null to /ucwriter.xtext.guimeta.ucdsl.ide/target/classes
2020-09-01 00:26:59,350 [main] INFO  o.e.m2e.actions.ExecutePomAction - Using existing launch configuration
2020-09-01 00:40:13,049 [Worker-49: Building] INFO  o.e.m.c.i.embedder.EclipseLogger - Using 'UTF-8' encoding to copy filtered resources.
2020-09-01 00:40:13,049 [Worker-49: Building] INFO  o.e.m.c.i.embedder.EclipseLogger - skip non existing resourceDirectory /home/jose/Desktop/git/UCWriter/UCWriter/UCWriter/ucwriter.xtext.guimeta.ucdsl.parent/ucwriter.xtext.guimeta.ucdsl/src/main/resources
2020-09-01 00:40:13,050 [Worker-49: Building] INFO  o.e.m.c.i.embedder.EclipseLogger - Using 'UTF-8' encoding to copy filtered resources.
2020-09-01 00:40:13,051 [Worker-49: Building] INFO  o.e.m.c.i.embedder.EclipseLogger - skip non existing resourceDirectory /home/jose/Desktop/git/UCWriter/UCWriter/UCWriter/ucwriter.xtext.guimeta.ucdsl.parent/ucwriter.xtext.guimeta.ucdsl/src/test/resources
2020-09-01 00:40:13,171 [Worker-49: Building] INFO  o.e.m.c.i.embedder.EclipseLogger - Using 'UTF-8' encoding to copy filtered resources.
2020-09-01 00:40:13,171 [Worker-49: Building] INFO  o.e.m.c.i.embedder.EclipseLogger - skip non existing resourceDirectory /home/jose/Desktop/git/UCWriter/UCWriter/UCWriter/ucwriter.xtext.guimeta.ucdsl.parent/ucwriter.xtext.guimeta.ucdsl.tests/src/main/resources
2020-09-01 00:40:13,172 [Worker-49: Building] INFO  o.e.m.c.i.embedder.EclipseLogger - Using 'UTF-8' encoding to copy filtered resources.
2020-09-01 00:40:13,172 [Worker-49: Building] INFO  o.e.m.c.i.embedder.EclipseLogger - skip non existing resourceDirectory /home/jose/Desktop/git/UCWriter/UCWriter/UCWriter/ucwriter.xtext.guimeta.ucdsl.parent/ucwriter.xtext.guimeta.ucdsl.tests/src/test/resources
2020-09-01 00:40:13,214 [Worker-49: Building] INFO  o.e.m.c.i.embedder.EclipseLogger - Using 'UTF-8' encoding to copy filtered resources.
2020-09-01 00:40:13,214 [Worker-49: Building] INFO  o.e.m.c.i.embedder.EclipseLogger - skip non existing resourceDirectory /home/jose/Desktop/git/UCWriter/UCWriter/UCWriter/ucwriter.xtext.guimeta.ucdsl.parent/ucwriter.xtext.guimeta.ucdsl/src/main/resources
2020-09-01 00:40:13,215 [Worker-49: Building] INFO  o.e.m.c.i.embedder.EclipseLogger - Using 'UTF-8' encoding to copy filtered resources.
2020-09-01 00:40:13,215 [Worker-49: Building] INFO  o.e.m.c.i.embedder.EclipseLogger - skip non existing resourceDirectory /home/jose/Desktop/git/UCWriter/UCWriter/UCWriter/ucwriter.xtext.guimeta.ucdsl.parent/ucwriter.xtext.guimeta.ucdsl/src/test/resources
2020-09-01 00:40:13,218 [Worker-49: Building] INFO  o.e.m.c.i.embedder.EclipseLogger - Using 'UTF-8' encoding to copy filtered resources.
2020-09-01 00:40:13,218 [Worker-49: Building] INFO  o.e.m.c.i.embedder.EclipseLogger - skip non existing resourceDirectory /home/jose/Desktop/git/UCWriter/UCWriter/UCWriter/ucwriter.xtext.guimeta.ucdsl.parent/ucwriter.xtext.guimeta.ucdsl.tests/src/main/resources
2020-09-01 00:40:13,219 [Worker-49: Building] INFO  o.e.m.c.i.embedder.EclipseLogger - Using 'UTF-8' encoding to copy filtered resources.
2020-09-01 00:40:13,219 [Worker-49: Building] INFO  o.e.m.c.i.embedder.EclipseLogger - skip non existing resourceDirectory /home/jose/Desktop/git/UCWriter/UCWriter/UCWriter/ucwriter.xtext.guimeta.ucdsl.parent/ucwriter.xtext.guimeta.ucdsl.tests/src/test/resources
2020-09-01 00:40:14,229 [Worker-46: Building] INFO  o.e.m.c.i.embedder.EclipseLogger - Using 'UTF-8' encoding to copy filtered resources.
2020-09-01 00:40:14,229 [Worker-46: Building] INFO  o.e.m.c.i.embedder.EclipseLogger - skip non existing resourceDirectory /home/jose/Desktop/git/UCWriter/UCWriter/UCWriter/ucwriter.xtext.guimeta.ucdsl.parent/ucwriter.xtext.guimeta.ucdsl/src/main/resources
2020-09-01 00:40:14,230 [Worker-46: Building] INFO  o.e.m.c.i.embedder.EclipseLogger - Using 'UTF-8' encoding to copy filtered resources.
2020-09-01 00:40:14,230 [Worker-46: Building] INFO  o.e.m.c.i.embedder.EclipseLogger - skip non existing resourceDirectory /home/jose/Desktop/git/UCWriter/UCWriter/UCWriter/ucwriter.xtext.guimeta.ucdsl.parent/ucwriter.xtext.guimeta.ucdsl/src/test/resources
2020-09-01 00:40:14,246 [Worker-46: Building] INFO  o.e.m.c.i.embedder.EclipseLogger - Using 'UTF-8' encoding to copy filtered resources.
2020-09-01 00:40:14,246 [Worker-46: Building] INFO  o.e.m.c.i.embedder.EclipseLogger - skip non existing resourceDirectory /home/jose/Desktop/git/UCWriter/UCWriter/UCWriter/ucwriter.xtext.guimeta.ucdsl.parent/ucwriter.xtext.guimeta.ucdsl.tests/src/main/resources
2020-09-01 00:40:14,247 [Worker-46: Building] INFO  o.e.m.c.i.embedder.EclipseLogger - Using 'UTF-8' encoding to copy filtered resources.
2020-09-01 00:40:14,247 [Worker-46: Building] INFO  o.e.m.c.i.embedder.EclipseLogger - skip non existing resourceDirectory /home/jose/Desktop/git/UCWriter/UCWriter/UCWriter/ucwriter.xtext.guimeta.ucdsl.parent/ucwriter.xtext.guimeta.ucdsl.tests/src/test/resources
2020-09-01 00:40:14,618 [Worker-46: Building] INFO  o.e.m.c.i.embedder.EclipseLogger - Using 'UTF-8' encoding to copy filtered resources.
2020-09-01 00:40:14,619 [Worker-46: Building] INFO  o.e.m.c.i.embedder.EclipseLogger - skip non existing resourceDirectory /home/jose/Desktop/git/UCWriter/UCWriter/UCWriter/ucwriter.xtext.guimeta.ucdsl.parent/ucwriter.xtext.guimeta.ucdsl/src/main/resources
2020-09-01 00:40:14,619 [Worker-46: Building] INFO  o.e.m.c.i.embedder.EclipseLogger - Using 'UTF-8' encoding to copy filtered resources.
2020-09-01 00:40:14,619 [Worker-46: Building] INFO  o.e.m.c.i.embedder.EclipseLogger - skip non existing resourceDirectory /home/jose/Desktop/git/UCWriter/UCWriter/UCWriter/ucwriter.xtext.guimeta.ucdsl.parent/ucwriter.xtext.guimeta.ucdsl/src/test/resources
2020-09-01 00:40:14,622 [Worker-46: Building] INFO  o.e.m.c.i.embedder.EclipseLogger - Using 'UTF-8' encoding to copy filtered resources.
2020-09-01 00:40:14,622 [Worker-46: Building] INFO  o.e.m.c.i.embedder.EclipseLogger - skip non existing resourceDirectory /home/jose/Desktop/git/UCWriter/UCWriter/UCWriter/ucwriter.xtext.guimeta.ucdsl.parent/ucwriter.xtext.guimeta.ucdsl.tests/src/main/resources
2020-09-01 00:40:14,623 [Worker-46: Building] INFO  o.e.m.c.i.embedder.EclipseLogger - Using 'UTF-8' encoding to copy filtered resources.
2020-09-01 00:40:14,623 [Worker-46: Building] INFO  o.e.m.c.i.embedder.EclipseLogger - skip non existing resourceDirectory /home/jose/Desktop/git/UCWriter/UCWriter/UCWriter/ucwriter.xtext.guimeta.ucdsl.parent/ucwriter.xtext.guimeta.ucdsl.tests/src/test/resources
2020-09-01 00:41:19,726 [Worker-50: Building] INFO  o.e.m.c.i.embedder.EclipseLogger - Using 'UTF-8' encoding to copy filtered resources.
2020-09-01 00:41:19,727 [Worker-50: Building] INFO  o.e.m.c.i.embedder.EclipseLogger - skip non existing resourceDirectory /home/jose/Desktop/git/UCWriter/UCWriter/UCWriter/ucwriter.xtext.guimeta.ucdsl.parent/ucwriter.xtext.guimeta.ucdsl.tests/src/main/resources
2020-09-01 00:41:19,728 [Worker-50: Building] INFO  o.e.m.c.i.embedder.EclipseLogger - Using 'UTF-8' encoding to copy filtered resources.
2020-09-01 00:41:19,728 [Worker-50: Building] INFO  o.e.m.c.i.embedder.EclipseLogger - skip non existing resourceDirectory /home/jose/Desktop/git/UCWriter/UCWriter/UCWriter/ucwriter.xtext.guimeta.ucdsl.parent/ucwriter.xtext.guimeta.ucdsl.tests/src/test/resources
2020-09-01 00:41:19,792 [Worker-50: Building] INFO  o.e.m.c.i.embedder.EclipseLogger - Using 'UTF-8' encoding to copy filtered resources.
2020-09-01 00:41:19,792 [Worker-50: Building] INFO  o.e.m.c.i.embedder.EclipseLogger - skip non existing resourceDirectory /home/jose/Desktop/git/UCWriter/UCWriter/UCWriter/ucwriter.xtext.guimeta.ucdsl.parent/ucwriter.xtext.guimeta.ucdsl.tests/src/main/resources
2020-09-01 00:41:19,793 [Worker-50: Building] INFO  o.e.m.c.i.embedder.EclipseLogger - Using 'UTF-8' encoding to copy filtered resources.
2020-09-01 00:41:19,793 [Worker-50: Building] INFO  o.e.m.c.i.embedder.EclipseLogger - skip non existing resourceDirectory /home/jose/Desktop/git/UCWriter/UCWriter/UCWriter/ucwriter.xtext.guimeta.ucdsl.parent/ucwriter.xtext.guimeta.ucdsl.tests/src/test/resources
